The system is: Linux - 5.4.0-124-generic - x86_64
Compiling the C compiler identification source file "CMakeCCompilerId.c" succeeded.
Compiler: /usr/bin/cc 
Build flags: 
Id flags:  

The output was:
0


Compilation of the C compiler identification source "CMakeCCompilerId.c" produced "a.out"

The C compiler identification is GNU, found in "/home/uzu/drone-slam-octomap/Requirements/eigen_ws/eigen-3.3.7/build/CMakeFiles/3.10.2/CompilerIdC/a.out"

Compiling the CXX compiler identification source file "CMakeCXXCompilerId.cpp" succeeded.
Compiler: /usr/bin/c++ 
Build flags: 
Id flags:  

The output was:
0


Compilation of the CXX compiler identification source "CMakeCXXCompilerId.cpp" produced "a.out"

The CXX compiler identification is GNU, found in "/home/uzu/drone-slam-octomap/Requirements/eigen_ws/eigen-3.3.7/build/CMakeFiles/3.10.2/CompilerIdCXX/a.out"

Determining if the C compiler works passed with the following output:
Change Dir: /home/uzu/drone-slam-octomap/Requirements/eigen_ws/eigen-3.3.7/build/CMakeFiles/CMakeTmp

Run Build Command:"/usr/bin/make" "cmTC_f5fc2/fast"
/usr/bin/make -f CMakeFiles/cmTC_f5fc2.dir/build.make CMakeFiles/cmTC_f5fc2.dir/build
make[1]: ディレクトリ '/home/uzu/drone-slam-octomap/Requirements/eigen_ws/eigen-3.3.7/build/CMakeFiles/CMakeTmp' に入ります
Building C object CMakeFiles/cmTC_f5fc2.dir/testCCompiler.c.o
/usr/bin/cc    -o CMakeFiles/cmTC_f5fc2.dir/testCCompiler.c.o   -c /home/uzu/drone-slam-octomap/Requirements/eigen_ws/eigen-3.3.7/build/CMakeFiles/CMakeTmp/testCCompiler.c
Linking C executable cmTC_f5fc2
/usr/bin/cmake -E cmake_link_script CMakeFiles/cmTC_f5fc2.dir/link.txt --verbose=1
/usr/bin/cc      -rdynamic CMakeFiles/cmTC_f5fc2.dir/testCCompiler.c.o  -o cmTC_f5fc2 
make[1]: ディレクトリ '/home/uzu/drone-slam-octomap/Requirements/eigen_ws/eigen-3.3.7/build/CMakeFiles/CMakeTmp' から出ます


Detecting C compiler ABI info compiled with the following output:
Change Dir: /home/uzu/drone-slam-octomap/Requirements/eigen_ws/eigen-3.3.7/build/CMakeFiles/CMakeTmp

Run Build Command:"/usr/bin/make" "cmTC_5c0bf/fast"
/usr/bin/make -f CMakeFiles/cmTC_5c0bf.dir/build.make CMakeFiles/cmTC_5c0bf.dir/build
make[1]: ディレクトリ '/home/uzu/drone-slam-octomap/Requirements/eigen_ws/eigen-3.3.7/build/CMakeFiles/CMakeTmp' に入ります
Building C object CMakeFiles/cmTC_5c0bf.dir/CMakeCCompilerABI.c.o
/usr/bin/cc    -o CMakeFiles/cmTC_5c0bf.dir/CMakeCCompilerABI.c.o   -c /usr/share/cmake-3.10/Modules/CMakeCCompilerABI.c
Linking C executable cmTC_5c0bf
/usr/bin/cmake -E cmake_link_script CMakeFiles/cmTC_5c0bf.dir/link.txt --verbose=1
/usr/bin/cc     -v -rdynamic CMakeFiles/cmTC_5c0bf.dir/CMakeCCompilerABI.c.o  -o cmTC_5c0bf 
Using built-in specs.
COLLECT_GCC=/usr/bin/cc
COLLECT_LTO_WRAPPER=/usr/lib/gcc/x86_64-linux-gnu/7/lto-wrapper
OFFLOAD_TARGET_NAMES=nvptx-none
OFFLOAD_TARGET_DEFAULT=1
Target: x86_64-linux-gnu
Configured with: ../src/configure -v --with-pkgversion='Ubuntu 7.5.0-3ubuntu1~18.04' --with-bugurl=file:///usr/share/doc/gcc-7/README.Bugs --enable-languages=c,ada,c++,go,brig,d,fortran,objc,obj-c++ --prefix=/usr --with-gcc-major-version-only --program-suffix=-7 --program-prefix=x86_64-linux-gnu- --enable-shared --enable-linker-build-id --libexecdir=/usr/lib --without-included-gettext --enable-threads=posix --libdir=/usr/lib --enable-nls --enable-bootstrap --enable-clocale=gnu --enable-libstdcxx-debug --enable-libstdcxx-time=yes --with-default-libstdcxx-abi=new --enable-gnu-unique-object --disable-vtable-verify --enable-libmpx --enable-plugin --enable-default-pie --with-system-zlib --with-target-system-zlib --enable-objc-gc=auto --enable-multiarch --disable-werror --with-arch-32=i686 --with-abi=m64 --with-multilib-list=m32,m64,mx32 --enable-multilib --with-tune=generic --enable-offload-targets=nvptx-none --without-cuda-driver --enable-checking=release --build=x86_64-linux-gnu --host=x86_64-linux-gnu --target=x86_64-linux-gnu
Thread model: posix
gcc version 7.5.0 (Ubuntu 7.5.0-3ubuntu1~18.04) 
COMPILER_PATH=/usr/lib/gcc/x86_64-linux-gnu/7/:/usr/lib/gcc/x86_64-linux-gnu/7/:/usr/lib/gcc/x86_64-linux-gnu/:/usr/lib/gcc/x86_64-linux-gnu/7/:/usr/lib/gcc/x86_64-linux-gnu/
LIBRARY_PATH=/usr/lib/gcc/x86_64-linux-gnu/7/:/usr/lib/gcc/x86_64-linux-gnu/7/../../../x86_64-linux-gnu/:/usr/lib/gcc/x86_64-linux-gnu/7/../../../../lib/:/lib/x86_64-linux-gnu/:/lib/../lib/:/usr/lib/x86_64-linux-gnu/:/usr/lib/../lib/:/usr/lib/gcc/x86_64-linux-gnu/7/../../../:/lib/:/usr/lib/
COLLECT_GCC_OPTIONS='-v' '-rdynamic' '-o' 'cmTC_5c0bf' '-mtune=generic' '-march=x86-64'
 /usr/lib/gcc/x86_64-linux-gnu/7/collect2 -plugin /usr/lib/gcc/x86_64-linux-gnu/7/liblto_plugin.so -plugin-opt=/usr/lib/gcc/x86_64-linux-gnu/7/lto-wrapper -plugin-opt=-fresolution=/tmp/ccLGheLw.res -plugin-opt=-pass-through=-lgcc -plugin-opt=-pass-through=-lgcc_s -plugin-opt=-pass-through=-lc -plugin-opt=-pass-through=-lgcc -plugin-opt=-pass-through=-lgcc_s --build-id --eh-frame-hdr -m elf_x86_64 --hash-style=gnu --as-needed -export-dynamic -dynamic-linker /lib64/ld-linux-x86-64.so.2 -pie -z now -z relro -o cmTC_5c0bf /usr/lib/gcc/x86_64-linux-gnu/7/../../../x86_64-linux-gnu/Scrt1.o /usr/lib/gcc/x86_64-linux-gnu/7/../../../x86_64-linux-gnu/crti.o /usr/lib/gcc/x86_64-linux-gnu/7/crtbeginS.o -L/usr/lib/gcc/x86_64-linux-gnu/7 -L/usr/lib/gcc/x86_64-linux-gnu/7/../../../x86_64-linux-gnu -L/usr/lib/gcc/x86_64-linux-gnu/7/../../../../lib -L/lib/x86_64-linux-gnu -L/lib/../lib -L/usr/lib/x86_64-linux-gnu -L/usr/lib/../lib -L/usr/lib/gcc/x86_64-linux-gnu/7/../../.. CMakeFiles/cmTC_5c0bf.dir/CMakeCCompilerABI.c.o -lgcc --push-state --as-needed -lgcc_s --pop-state -lc -lgcc --push-state --as-needed -lgcc_s --pop-state /usr/lib/gcc/x86_64-linux-gnu/7/crtendS.o /usr/lib/gcc/x86_64-linux-gnu/7/../../../x86_64-linux-gnu/crtn.o
COLLECT_GCC_OPTIONS='-v' '-rdynamic' '-o' 'cmTC_5c0bf' '-mtune=generic' '-march=x86-64'
make[1]: ディレクトリ '/home/uzu/drone-slam-octomap/Requirements/eigen_ws/eigen-3.3.7/build/CMakeFiles/CMakeTmp' から出ます


Parsed C implicit link information from above output:
  link line regex: [^( *|.*[/\])(ld|CMAKE_LINK_STARTFILE-NOTFOUND|([^/\]+-)?ld|collect2)[^/\]*( |$)]
  ignore line: [Change Dir: /home/uzu/drone-slam-octomap/Requirements/eigen_ws/eigen-3.3.7/build/CMakeFiles/CMakeTmp]
  ignore line: []
  ignore line: [Run Build Command:"/usr/bin/make" "cmTC_5c0bf/fast"]
  ignore line: [/usr/bin/make -f CMakeFiles/cmTC_5c0bf.dir/build.make CMakeFiles/cmTC_5c0bf.dir/build]
  ignore line: [make[1]: ディレクトリ '/home/uzu/drone-slam-octomap/Requirements/eigen_ws/eigen-3.3.7/build/CMakeFiles/CMakeTmp' に入ります]
  ignore line: [Building C object CMakeFiles/cmTC_5c0bf.dir/CMakeCCompilerABI.c.o]
  ignore line: [/usr/bin/cc    -o CMakeFiles/cmTC_5c0bf.dir/CMakeCCompilerABI.c.o   -c /usr/share/cmake-3.10/Modules/CMakeCCompilerABI.c]
  ignore line: [Linking C executable cmTC_5c0bf]
  ignore line: [/usr/bin/cmake -E cmake_link_script CMakeFiles/cmTC_5c0bf.dir/link.txt --verbose=1]
  ignore line: [/usr/bin/cc     -v -rdynamic CMakeFiles/cmTC_5c0bf.dir/CMakeCCompilerABI.c.o  -o cmTC_5c0bf ]
  ignore line: [Using built-in specs.]
  ignore line: [COLLECT_GCC=/usr/bin/cc]
  ignore line: [COLLECT_LTO_WRAPPER=/usr/lib/gcc/x86_64-linux-gnu/7/lto-wrapper]
  ignore line: [OFFLOAD_TARGET_NAMES=nvptx-none]
  ignore line: [OFFLOAD_TARGET_DEFAULT=1]
  ignore line: [Target: x86_64-linux-gnu]
  ignore line: [Configured with: ../src/configure -v --with-pkgversion='Ubuntu 7.5.0-3ubuntu1~18.04' --with-bugurl=file:///usr/share/doc/gcc-7/README.Bugs --enable-languages=c,ada,c++,go,brig,d,fortran,objc,obj-c++ --prefix=/usr --with-gcc-major-version-only --program-suffix=-7 --program-prefix=x86_64-linux-gnu- --enable-shared --enable-linker-build-id --libexecdir=/usr/lib --without-included-gettext --enable-threads=posix --libdir=/usr/lib --enable-nls --enable-bootstrap --enable-clocale=gnu --enable-libstdcxx-debug --enable-libstdcxx-time=yes --with-default-libstdcxx-abi=new --enable-gnu-unique-object --disable-vtable-verify --enable-libmpx --enable-plugin --enable-default-pie --with-system-zlib --with-target-system-zlib --enable-objc-gc=auto --enable-multiarch --disable-werror --with-arch-32=i686 --with-abi=m64 --with-multilib-list=m32,m64,mx32 --enable-multilib --with-tune=generic --enable-offload-targets=nvptx-none --without-cuda-driver --enable-checking=release --build=x86_64-linux-gnu --host=x86_64-linux-gnu --target=x86_64-linux-gnu]
  ignore line: [Thread model: posix]
  ignore line: [gcc version 7.5.0 (Ubuntu 7.5.0-3ubuntu1~18.04) ]
  ignore line: [COMPILER_PATH=/usr/lib/gcc/x86_64-linux-gnu/7/:/usr/lib/gcc/x86_64-linux-gnu/7/:/usr/lib/gcc/x86_64-linux-gnu/:/usr/lib/gcc/x86_64-linux-gnu/7/:/usr/lib/gcc/x86_64-linux-gnu/]
  ignore line: [LIBRARY_PATH=/usr/lib/gcc/x86_64-linux-gnu/7/:/usr/lib/gcc/x86_64-linux-gnu/7/../../../x86_64-linux-gnu/:/usr/lib/gcc/x86_64-linux-gnu/7/../../../../lib/:/lib/x86_64-linux-gnu/:/lib/../lib/:/usr/lib/x86_64-linux-gnu/:/usr/lib/../lib/:/usr/lib/gcc/x86_64-linux-gnu/7/../../../:/lib/:/usr/lib/]
  ignore line: [COLLECT_GCC_OPTIONS='-v' '-rdynamic' '-o' 'cmTC_5c0bf' '-mtune=generic' '-march=x86-64']
  link line: [ /usr/lib/gcc/x86_64-linux-gnu/7/collect2 -plugin /usr/lib/gcc/x86_64-linux-gnu/7/liblto_plugin.so -plugin-opt=/usr/lib/gcc/x86_64-linux-gnu/7/lto-wrapper -plugin-opt=-fresolution=/tmp/ccLGheLw.res -plugin-opt=-pass-through=-lgcc -plugin-opt=-pass-through=-lgcc_s -plugin-opt=-pass-through=-lc -plugin-opt=-pass-through=-lgcc -plugin-opt=-pass-through=-lgcc_s --build-id --eh-frame-hdr -m elf_x86_64 --hash-style=gnu --as-needed -export-dynamic -dynamic-linker /lib64/ld-linux-x86-64.so.2 -pie -z now -z relro -o cmTC_5c0bf /usr/lib/gcc/x86_64-linux-gnu/7/../../../x86_64-linux-gnu/Scrt1.o /usr/lib/gcc/x86_64-linux-gnu/7/../../../x86_64-linux-gnu/crti.o /usr/lib/gcc/x86_64-linux-gnu/7/crtbeginS.o -L/usr/lib/gcc/x86_64-linux-gnu/7 -L/usr/lib/gcc/x86_64-linux-gnu/7/../../../x86_64-linux-gnu -L/usr/lib/gcc/x86_64-linux-gnu/7/../../../../lib -L/lib/x86_64-linux-gnu -L/lib/../lib -L/usr/lib/x86_64-linux-gnu -L/usr/lib/../lib -L/usr/lib/gcc/x86_64-linux-gnu/7/../../.. CMakeFiles/cmTC_5c0bf.dir/CMakeCCompilerABI.c.o -lgcc --push-state --as-needed -lgcc_s --pop-state -lc -lgcc --push-state --as-needed -lgcc_s --pop-state /usr/lib/gcc/x86_64-linux-gnu/7/crtendS.o /usr/lib/gcc/x86_64-linux-gnu/7/../../../x86_64-linux-gnu/crtn.o]
    arg [/usr/lib/gcc/x86_64-linux-gnu/7/collect2] ==> ignore
    arg [-plugin] ==> ignore
    arg [/usr/lib/gcc/x86_64-linux-gnu/7/liblto_plugin.so] ==> ignore
    arg [-plugin-opt=/usr/lib/gcc/x86_64-linux-gnu/7/lto-wrapper] ==> ignore
    arg [-plugin-opt=-fresolution=/tmp/ccLGheLw.res] ==> ignore
    arg [-plugin-opt=-pass-through=-lgcc] ==> ignore
    arg [-plugin-opt=-pass-through=-lgcc_s] ==> ignore
    arg [-plugin-opt=-pass-through=-lc] ==> ignore
    arg [-plugin-opt=-pass-through=-lgcc] ==> ignore
    arg [-plugin-opt=-pass-through=-lgcc_s] ==> ignore
    arg [--build-id] ==> ignore
    arg [--eh-frame-hdr] ==> ignore
    arg [-m] ==> ignore
    arg [elf_x86_64] ==> ignore
    arg [--hash-style=gnu] ==> ignore
    arg [--as-needed] ==> ignore
    arg [-export-dynamic] ==> ignore
    arg [-dynamic-linker] ==> ignore
    arg [/lib64/ld-linux-x86-64.so.2] ==> ignore
    arg [-pie] ==> ignore
    arg [-znow] ==> ignore
    arg [-zrelro] ==> ignore
    arg [-o] ==> ignore
    arg [cmTC_5c0bf] ==> ignore
    arg [/usr/lib/gcc/x86_64-linux-gnu/7/../../../x86_64-linux-gnu/Scrt1.o] ==> ignore
    arg [/usr/lib/gcc/x86_64-linux-gnu/7/../../../x86_64-linux-gnu/crti.o] ==> ignore
    arg [/usr/lib/gcc/x86_64-linux-gnu/7/crtbeginS.o] ==> ignore
    arg [-L/usr/lib/gcc/x86_64-linux-gnu/7] ==> dir [/usr/lib/gcc/x86_64-linux-gnu/7]
    arg [-L/usr/lib/gcc/x86_64-linux-gnu/7/../../../x86_64-linux-gnu] ==> dir [/usr/lib/gcc/x86_64-linux-gnu/7/../../../x86_64-linux-gnu]
    arg [-L/usr/lib/gcc/x86_64-linux-gnu/7/../../../../lib] ==> dir [/usr/lib/gcc/x86_64-linux-gnu/7/../../../../lib]
    arg [-L/lib/x86_64-linux-gnu] ==> dir [/lib/x86_64-linux-gnu]
    arg [-L/lib/../lib] ==> dir [/lib/../lib]
    arg [-L/usr/lib/x86_64-linux-gnu] ==> dir [/usr/lib/x86_64-linux-gnu]
    arg [-L/usr/lib/../lib] ==> dir [/usr/lib/../lib]
    arg [-L/usr/lib/gcc/x86_64-linux-gnu/7/../../..] ==> dir [/usr/lib/gcc/x86_64-linux-gnu/7/../../..]
    arg [CMakeFiles/cmTC_5c0bf.dir/CMakeCCompilerABI.c.o] ==> ignore
    arg [-lgcc] ==> lib [gcc]
    arg [--push-state] ==> ignore
    arg [--as-needed] ==> ignore
    arg [-lgcc_s] ==> lib [gcc_s]
    arg [--pop-state] ==> ignore
    arg [-lc] ==> lib [c]
    arg [-lgcc] ==> lib [gcc]
    arg [--push-state] ==> ignore
    arg [--as-needed] ==> ignore
    arg [-lgcc_s] ==> lib [gcc_s]
    arg [--pop-state] ==> ignore
    arg [/usr/lib/gcc/x86_64-linux-gnu/7/crtendS.o] ==> ignore
    arg [/usr/lib/gcc/x86_64-linux-gnu/7/../../../x86_64-linux-gnu/crtn.o] ==> ignore
  collapse library dir [/usr/lib/gcc/x86_64-linux-gnu/7] ==> [/usr/lib/gcc/x86_64-linux-gnu/7]
  collapse library dir [/usr/lib/gcc/x86_64-linux-gnu/7/../../../x86_64-linux-gnu] ==> [/usr/lib/x86_64-linux-gnu]
  collapse library dir [/usr/lib/gcc/x86_64-linux-gnu/7/../../../../lib] ==> [/usr/lib]
  collapse library dir [/lib/x86_64-linux-gnu] ==> [/lib/x86_64-linux-gnu]
  collapse library dir [/lib/../lib] ==> [/lib]
  collapse library dir [/usr/lib/x86_64-linux-gnu] ==> [/usr/lib/x86_64-linux-gnu]
  collapse library dir [/usr/lib/../lib] ==> [/usr/lib]
  collapse library dir [/usr/lib/gcc/x86_64-linux-gnu/7/../../..] ==> [/usr/lib]
  implicit libs: [gcc;gcc_s;c;gcc;gcc_s]
  implicit dirs: [/usr/lib/gcc/x86_64-linux-gnu/7;/usr/lib/x86_64-linux-gnu;/usr/lib;/lib/x86_64-linux-gnu;/lib]
  implicit fwks: []




Detecting C [-std=c11] compiler features compiled with the following output:
Change Dir: /home/uzu/drone-slam-octomap/Requirements/eigen_ws/eigen-3.3.7/build/CMakeFiles/CMakeTmp

Run Build Command:"/usr/bin/make" "cmTC_0e69d/fast"
/usr/bin/make -f CMakeFiles/cmTC_0e69d.dir/build.make CMakeFiles/cmTC_0e69d.dir/build
make[1]: ディレクトリ '/home/uzu/drone-slam-octomap/Requirements/eigen_ws/eigen-3.3.7/build/CMakeFiles/CMakeTmp' に入ります
Building C object CMakeFiles/cmTC_0e69d.dir/feature_tests.c.o
/usr/bin/cc   -std=c11 -o CMakeFiles/cmTC_0e69d.dir/feature_tests.c.o   -c /home/uzu/drone-slam-octomap/Requirements/eigen_ws/eigen-3.3.7/build/CMakeFiles/feature_tests.c
Linking C executable cmTC_0e69d
/usr/bin/cmake -E cmake_link_script CMakeFiles/cmTC_0e69d.dir/link.txt --verbose=1
/usr/bin/cc      -rdynamic CMakeFiles/cmTC_0e69d.dir/feature_tests.c.o  -o cmTC_0e69d 
make[1]: ディレクトリ '/home/uzu/drone-slam-octomap/Requirements/eigen_ws/eigen-3.3.7/build/CMakeFiles/CMakeTmp' から出ます


    Feature record: C_FEATURE:1c_function_prototypes
    Feature record: C_FEATURE:1c_restrict
    Feature record: C_FEATURE:1c_static_assert
    Feature record: C_FEATURE:1c_variadic_macros


Detecting C [-std=c99] compiler features compiled with the following output:
Change Dir: /home/uzu/drone-slam-octomap/Requirements/eigen_ws/eigen-3.3.7/build/CMakeFiles/CMakeTmp

Run Build Command:"/usr/bin/make" "cmTC_ad25b/fast"
/usr/bin/make -f CMakeFiles/cmTC_ad25b.dir/build.make CMakeFiles/cmTC_ad25b.dir/build
make[1]: ディレクトリ '/home/uzu/drone-slam-octomap/Requirements/eigen_ws/eigen-3.3.7/build/CMakeFiles/CMakeTmp' に入ります
Building C object CMakeFiles/cmTC_ad25b.dir/feature_tests.c.o
/usr/bin/cc   -std=c99 -o CMakeFiles/cmTC_ad25b.dir/feature_tests.c.o   -c /home/uzu/drone-slam-octomap/Requirements/eigen_ws/eigen-3.3.7/build/CMakeFiles/feature_tests.c
Linking C executable cmTC_ad25b
/usr/bin/cmake -E cmake_link_script CMakeFiles/cmTC_ad25b.dir/link.txt --verbose=1
/usr/bin/cc      -rdynamic CMakeFiles/cmTC_ad25b.dir/feature_tests.c.o  -o cmTC_ad25b 
make[1]: ディレクトリ '/home/uzu/drone-slam-octomap/Requirements/eigen_ws/eigen-3.3.7/build/CMakeFiles/CMakeTmp' から出ます


    Feature record: C_FEATURE:1c_function_prototypes
    Feature record: C_FEATURE:1c_restrict
    Feature record: C_FEATURE:0c_static_assert
    Feature record: C_FEATURE:1c_variadic_macros


Detecting C [-std=c90] compiler features compiled with the following output:
Change Dir: /home/uzu/drone-slam-octomap/Requirements/eigen_ws/eigen-3.3.7/build/CMakeFiles/CMakeTmp

Run Build Command:"/usr/bin/make" "cmTC_6564a/fast"
/usr/bin/make -f CMakeFiles/cmTC_6564a.dir/build.make CMakeFiles/cmTC_6564a.dir/build
make[1]: ディレクトリ '/home/uzu/drone-slam-octomap/Requirements/eigen_ws/eigen-3.3.7/build/CMakeFiles/CMakeTmp' に入ります
Building C object CMakeFiles/cmTC_6564a.dir/feature_tests.c.o
/usr/bin/cc   -std=c90 -o CMakeFiles/cmTC_6564a.dir/feature_tests.c.o   -c /home/uzu/drone-slam-octomap/Requirements/eigen_ws/eigen-3.3.7/build/CMakeFiles/feature_tests.c
Linking C executable cmTC_6564a
/usr/bin/cmake -E cmake_link_script CMakeFiles/cmTC_6564a.dir/link.txt --verbose=1
/usr/bin/cc      -rdynamic CMakeFiles/cmTC_6564a.dir/feature_tests.c.o  -o cmTC_6564a 
make[1]: ディレクトリ '/home/uzu/drone-slam-octomap/Requirements/eigen_ws/eigen-3.3.7/build/CMakeFiles/CMakeTmp' から出ます


    Feature record: C_FEATURE:1c_function_prototypes
    Feature record: C_FEATURE:0c_restrict
    Feature record: C_FEATURE:0c_static_assert
    Feature record: C_FEATURE:0c_variadic_macros
Determining if the CXX compiler works passed with the following output:
Change Dir: /home/uzu/drone-slam-octomap/Requirements/eigen_ws/eigen-3.3.7/build/CMakeFiles/CMakeTmp

Run Build Command:"/usr/bin/make" "cmTC_d4689/fast"
/usr/bin/make -f CMakeFiles/cmTC_d4689.dir/build.make CMakeFiles/cmTC_d4689.dir/build
make[1]: ディレクトリ '/home/uzu/drone-slam-octomap/Requirements/eigen_ws/eigen-3.3.7/build/CMakeFiles/CMakeTmp' に入ります
Building CXX object CMakeFiles/cmTC_d4689.dir/testCXXCompiler.cxx.o
/usr/bin/c++     -o CMakeFiles/cmTC_d4689.dir/testCXXCompiler.cxx.o -c /home/uzu/drone-slam-octomap/Requirements/eigen_ws/eigen-3.3.7/build/CMakeFiles/CMakeTmp/testCXXCompiler.cxx
Linking CXX executable cmTC_d4689
/usr/bin/cmake -E cmake_link_script CMakeFiles/cmTC_d4689.dir/link.txt --verbose=1
/usr/bin/c++       -rdynamic CMakeFiles/cmTC_d4689.dir/testCXXCompiler.cxx.o  -o cmTC_d4689 
make[1]: ディレクトリ '/home/uzu/drone-slam-octomap/Requirements/eigen_ws/eigen-3.3.7/build/CMakeFiles/CMakeTmp' から出ます


Detecting CXX compiler ABI info compiled with the following output:
Change Dir: /home/uzu/drone-slam-octomap/Requirements/eigen_ws/eigen-3.3.7/build/CMakeFiles/CMakeTmp

Run Build Command:"/usr/bin/make" "cmTC_6b33b/fast"
/usr/bin/make -f CMakeFiles/cmTC_6b33b.dir/build.make CMakeFiles/cmTC_6b33b.dir/build
make[1]: ディレクトリ '/home/uzu/drone-slam-octomap/Requirements/eigen_ws/eigen-3.3.7/build/CMakeFiles/CMakeTmp' に入ります
Building CXX object CMakeFiles/cmTC_6b33b.dir/CMakeCXXCompilerABI.cpp.o
/usr/bin/c++     -o CMakeFiles/cmTC_6b33b.dir/CMakeCXXCompilerABI.cpp.o -c /usr/share/cmake-3.10/Modules/CMakeCXXCompilerABI.cpp
Linking CXX executable cmTC_6b33b
/usr/bin/cmake -E cmake_link_script CMakeFiles/cmTC_6b33b.dir/link.txt --verbose=1
/usr/bin/c++      -v -rdynamic CMakeFiles/cmTC_6b33b.dir/CMakeCXXCompilerABI.cpp.o  -o cmTC_6b33b 
Using built-in specs.
COLLECT_GCC=/usr/bin/c++
COLLECT_LTO_WRAPPER=/usr/lib/gcc/x86_64-linux-gnu/7/lto-wrapper
OFFLOAD_TARGET_NAMES=nvptx-none
OFFLOAD_TARGET_DEFAULT=1
Target: x86_64-linux-gnu
Configured with: ../src/configure -v --with-pkgversion='Ubuntu 7.5.0-3ubuntu1~18.04' --with-bugurl=file:///usr/share/doc/gcc-7/README.Bugs --enable-languages=c,ada,c++,go,brig,d,fortran,objc,obj-c++ --prefix=/usr --with-gcc-major-version-only --program-suffix=-7 --program-prefix=x86_64-linux-gnu- --enable-shared --enable-linker-build-id --libexecdir=/usr/lib --without-included-gettext --enable-threads=posix --libdir=/usr/lib --enable-nls --enable-bootstrap --enable-clocale=gnu --enable-libstdcxx-debug --enable-libstdcxx-time=yes --with-default-libstdcxx-abi=new --enable-gnu-unique-object --disable-vtable-verify --enable-libmpx --enable-plugin --enable-default-pie --with-system-zlib --with-target-system-zlib --enable-objc-gc=auto --enable-multiarch --disable-werror --with-arch-32=i686 --with-abi=m64 --with-multilib-list=m32,m64,mx32 --enable-multilib --with-tune=generic --enable-offload-targets=nvptx-none --without-cuda-driver --enable-checking=release --build=x86_64-linux-gnu --host=x86_64-linux-gnu --target=x86_64-linux-gnu
Thread model: posix
gcc version 7.5.0 (Ubuntu 7.5.0-3ubuntu1~18.04) 
COMPILER_PATH=/usr/lib/gcc/x86_64-linux-gnu/7/:/usr/lib/gcc/x86_64-linux-gnu/7/:/usr/lib/gcc/x86_64-linux-gnu/:/usr/lib/gcc/x86_64-linux-gnu/7/:/usr/lib/gcc/x86_64-linux-gnu/
LIBRARY_PATH=/usr/lib/gcc/x86_64-linux-gnu/7/:/usr/lib/gcc/x86_64-linux-gnu/7/../../../x86_64-linux-gnu/:/usr/lib/gcc/x86_64-linux-gnu/7/../../../../lib/:/lib/x86_64-linux-gnu/:/lib/../lib/:/usr/lib/x86_64-linux-gnu/:/usr/lib/../lib/:/usr/lib/gcc/x86_64-linux-gnu/7/../../../:/lib/:/usr/lib/
COLLECT_GCC_OPTIONS='-v' '-rdynamic' '-o' 'cmTC_6b33b' '-shared-libgcc' '-mtune=generic' '-march=x86-64'
 /usr/lib/gcc/x86_64-linux-gnu/7/collect2 -plugin /usr/lib/gcc/x86_64-linux-gnu/7/liblto_plugin.so -plugin-opt=/usr/lib/gcc/x86_64-linux-gnu/7/lto-wrapper -plugin-opt=-fresolution=/tmp/ccjBWRQZ.res -plugin-opt=-pass-through=-lgcc_s -plugin-opt=-pass-through=-lgcc -plugin-opt=-pass-through=-lc -plugin-opt=-pass-through=-lgcc_s -plugin-opt=-pass-through=-lgcc --build-id --eh-frame-hdr -m elf_x86_64 --hash-style=gnu --as-needed -export-dynamic -dynamic-linker /lib64/ld-linux-x86-64.so.2 -pie -z now -z relro -o cmTC_6b33b /usr/lib/gcc/x86_64-linux-gnu/7/../../../x86_64-linux-gnu/Scrt1.o /usr/lib/gcc/x86_64-linux-gnu/7/../../../x86_64-linux-gnu/crti.o /usr/lib/gcc/x86_64-linux-gnu/7/crtbeginS.o -L/usr/lib/gcc/x86_64-linux-gnu/7 -L/usr/lib/gcc/x86_64-linux-gnu/7/../../../x86_64-linux-gnu -L/usr/lib/gcc/x86_64-linux-gnu/7/../../../../lib -L/lib/x86_64-linux-gnu -L/lib/../lib -L/usr/lib/x86_64-linux-gnu -L/usr/lib/../lib -L/usr/lib/gcc/x86_64-linux-gnu/7/../../.. CMakeFiles/cmTC_6b33b.dir/CMakeCXXCompilerABI.cpp.o -lstdc++ -lm -lgcc_s -lgcc -lc -lgcc_s -lgcc /usr/lib/gcc/x86_64-linux-gnu/7/crtendS.o /usr/lib/gcc/x86_64-linux-gnu/7/../../../x86_64-linux-gnu/crtn.o
COLLECT_GCC_OPTIONS='-v' '-rdynamic' '-o' 'cmTC_6b33b' '-shared-libgcc' '-mtune=generic' '-march=x86-64'
make[1]: ディレクトリ '/home/uzu/drone-slam-octomap/Requirements/eigen_ws/eigen-3.3.7/build/CMakeFiles/CMakeTmp' から出ます


Parsed CXX implicit link information from above output:
  link line regex: [^( *|.*[/\])(ld|CMAKE_LINK_STARTFILE-NOTFOUND|([^/\]+-)?ld|collect2)[^/\]*( |$)]
  ignore line: [Change Dir: /home/uzu/drone-slam-octomap/Requirements/eigen_ws/eigen-3.3.7/build/CMakeFiles/CMakeTmp]
  ignore line: []
  ignore line: [Run Build Command:"/usr/bin/make" "cmTC_6b33b/fast"]
  ignore line: [/usr/bin/make -f CMakeFiles/cmTC_6b33b.dir/build.make CMakeFiles/cmTC_6b33b.dir/build]
  ignore line: [make[1]: ディレクトリ '/home/uzu/drone-slam-octomap/Requirements/eigen_ws/eigen-3.3.7/build/CMakeFiles/CMakeTmp' に入ります]
  ignore line: [Building CXX object CMakeFiles/cmTC_6b33b.dir/CMakeCXXCompilerABI.cpp.o]
  ignore line: [/usr/bin/c++     -o CMakeFiles/cmTC_6b33b.dir/CMakeCXXCompilerABI.cpp.o -c /usr/share/cmake-3.10/Modules/CMakeCXXCompilerABI.cpp]
  ignore line: [Linking CXX executable cmTC_6b33b]
  ignore line: [/usr/bin/cmake -E cmake_link_script CMakeFiles/cmTC_6b33b.dir/link.txt --verbose=1]
  ignore line: [/usr/bin/c++      -v -rdynamic CMakeFiles/cmTC_6b33b.dir/CMakeCXXCompilerABI.cpp.o  -o cmTC_6b33b ]
  ignore line: [Using built-in specs.]
  ignore line: [COLLECT_GCC=/usr/bin/c++]
  ignore line: [COLLECT_LTO_WRAPPER=/usr/lib/gcc/x86_64-linux-gnu/7/lto-wrapper]
  ignore line: [OFFLOAD_TARGET_NAMES=nvptx-none]
  ignore line: [OFFLOAD_TARGET_DEFAULT=1]
  ignore line: [Target: x86_64-linux-gnu]
  ignore line: [Configured with: ../src/configure -v --with-pkgversion='Ubuntu 7.5.0-3ubuntu1~18.04' --with-bugurl=file:///usr/share/doc/gcc-7/README.Bugs --enable-languages=c,ada,c++,go,brig,d,fortran,objc,obj-c++ --prefix=/usr --with-gcc-major-version-only --program-suffix=-7 --program-prefix=x86_64-linux-gnu- --enable-shared --enable-linker-build-id --libexecdir=/usr/lib --without-included-gettext --enable-threads=posix --libdir=/usr/lib --enable-nls --enable-bootstrap --enable-clocale=gnu --enable-libstdcxx-debug --enable-libstdcxx-time=yes --with-default-libstdcxx-abi=new --enable-gnu-unique-object --disable-vtable-verify --enable-libmpx --enable-plugin --enable-default-pie --with-system-zlib --with-target-system-zlib --enable-objc-gc=auto --enable-multiarch --disable-werror --with-arch-32=i686 --with-abi=m64 --with-multilib-list=m32,m64,mx32 --enable-multilib --with-tune=generic --enable-offload-targets=nvptx-none --without-cuda-driver --enable-checking=release --build=x86_64-linux-gnu --host=x86_64-linux-gnu --target=x86_64-linux-gnu]
  ignore line: [Thread model: posix]
  ignore line: [gcc version 7.5.0 (Ubuntu 7.5.0-3ubuntu1~18.04) ]
  ignore line: [COMPILER_PATH=/usr/lib/gcc/x86_64-linux-gnu/7/:/usr/lib/gcc/x86_64-linux-gnu/7/:/usr/lib/gcc/x86_64-linux-gnu/:/usr/lib/gcc/x86_64-linux-gnu/7/:/usr/lib/gcc/x86_64-linux-gnu/]
  ignore line: [LIBRARY_PATH=/usr/lib/gcc/x86_64-linux-gnu/7/:/usr/lib/gcc/x86_64-linux-gnu/7/../../../x86_64-linux-gnu/:/usr/lib/gcc/x86_64-linux-gnu/7/../../../../lib/:/lib/x86_64-linux-gnu/:/lib/../lib/:/usr/lib/x86_64-linux-gnu/:/usr/lib/../lib/:/usr/lib/gcc/x86_64-linux-gnu/7/../../../:/lib/:/usr/lib/]
  ignore line: [COLLECT_GCC_OPTIONS='-v' '-rdynamic' '-o' 'cmTC_6b33b' '-shared-libgcc' '-mtune=generic' '-march=x86-64']
  link line: [ /usr/lib/gcc/x86_64-linux-gnu/7/collect2 -plugin /usr/lib/gcc/x86_64-linux-gnu/7/liblto_plugin.so -plugin-opt=/usr/lib/gcc/x86_64-linux-gnu/7/lto-wrapper -plugin-opt=-fresolution=/tmp/ccjBWRQZ.res -plugin-opt=-pass-through=-lgcc_s -plugin-opt=-pass-through=-lgcc -plugin-opt=-pass-through=-lc -plugin-opt=-pass-through=-lgcc_s -plugin-opt=-pass-through=-lgcc --build-id --eh-frame-hdr -m elf_x86_64 --hash-style=gnu --as-needed -export-dynamic -dynamic-linker /lib64/ld-linux-x86-64.so.2 -pie -z now -z relro -o cmTC_6b33b /usr/lib/gcc/x86_64-linux-gnu/7/../../../x86_64-linux-gnu/Scrt1.o /usr/lib/gcc/x86_64-linux-gnu/7/../../../x86_64-linux-gnu/crti.o /usr/lib/gcc/x86_64-linux-gnu/7/crtbeginS.o -L/usr/lib/gcc/x86_64-linux-gnu/7 -L/usr/lib/gcc/x86_64-linux-gnu/7/../../../x86_64-linux-gnu -L/usr/lib/gcc/x86_64-linux-gnu/7/../../../../lib -L/lib/x86_64-linux-gnu -L/lib/../lib -L/usr/lib/x86_64-linux-gnu -L/usr/lib/../lib -L/usr/lib/gcc/x86_64-linux-gnu/7/../../.. CMakeFiles/cmTC_6b33b.dir/CMakeCXXCompilerABI.cpp.o -lstdc++ -lm -lgcc_s -lgcc -lc -lgcc_s -lgcc /usr/lib/gcc/x86_64-linux-gnu/7/crtendS.o /usr/lib/gcc/x86_64-linux-gnu/7/../../../x86_64-linux-gnu/crtn.o]
    arg [/usr/lib/gcc/x86_64-linux-gnu/7/collect2] ==> ignore
    arg [-plugin] ==> ignore
    arg [/usr/lib/gcc/x86_64-linux-gnu/7/liblto_plugin.so] ==> ignore
    arg [-plugin-opt=/usr/lib/gcc/x86_64-linux-gnu/7/lto-wrapper] ==> ignore
    arg [-plugin-opt=-fresolution=/tmp/ccjBWRQZ.res] ==> ignore
    arg [-plugin-opt=-pass-through=-lgcc_s] ==> ignore
    arg [-plugin-opt=-pass-through=-lgcc] ==> ignore
    arg [-plugin-opt=-pass-through=-lc] ==> ignore
    arg [-plugin-opt=-pass-through=-lgcc_s] ==> ignore
    arg [-plugin-opt=-pass-through=-lgcc] ==> ignore
    arg [--build-id] ==> ignore
    arg [--eh-frame-hdr] ==> ignore
    arg [-m] ==> ignore
    arg [elf_x86_64] ==> ignore
    arg [--hash-style=gnu] ==> ignore
    arg [--as-needed] ==> ignore
    arg [-export-dynamic] ==> ignore
    arg [-dynamic-linker] ==> ignore
    arg [/lib64/ld-linux-x86-64.so.2] ==> ignore
    arg [-pie] ==> ignore
    arg [-znow] ==> ignore
    arg [-zrelro] ==> ignore
    arg [-o] ==> ignore
    arg [cmTC_6b33b] ==> ignore
    arg [/usr/lib/gcc/x86_64-linux-gnu/7/../../../x86_64-linux-gnu/Scrt1.o] ==> ignore
    arg [/usr/lib/gcc/x86_64-linux-gnu/7/../../../x86_64-linux-gnu/crti.o] ==> ignore
    arg [/usr/lib/gcc/x86_64-linux-gnu/7/crtbeginS.o] ==> ignore
    arg [-L/usr/lib/gcc/x86_64-linux-gnu/7] ==> dir [/usr/lib/gcc/x86_64-linux-gnu/7]
    arg [-L/usr/lib/gcc/x86_64-linux-gnu/7/../../../x86_64-linux-gnu] ==> dir [/usr/lib/gcc/x86_64-linux-gnu/7/../../../x86_64-linux-gnu]
    arg [-L/usr/lib/gcc/x86_64-linux-gnu/7/../../../../lib] ==> dir [/usr/lib/gcc/x86_64-linux-gnu/7/../../../../lib]
    arg [-L/lib/x86_64-linux-gnu] ==> dir [/lib/x86_64-linux-gnu]
    arg [-L/lib/../lib] ==> dir [/lib/../lib]
    arg [-L/usr/lib/x86_64-linux-gnu] ==> dir [/usr/lib/x86_64-linux-gnu]
    arg [-L/usr/lib/../lib] ==> dir [/usr/lib/../lib]
    arg [-L/usr/lib/gcc/x86_64-linux-gnu/7/../../..] ==> dir [/usr/lib/gcc/x86_64-linux-gnu/7/../../..]
    arg [CMakeFiles/cmTC_6b33b.dir/CMakeCXXCompilerABI.cpp.o] ==> ignore
    arg [-lstdc++] ==> lib [stdc++]
    arg [-lm] ==> lib [m]
    arg [-lgcc_s] ==> lib [gcc_s]
    arg [-lgcc] ==> lib [gcc]
    arg [-lc] ==> lib [c]
    arg [-lgcc_s] ==> lib [gcc_s]
    arg [-lgcc] ==> lib [gcc]
    arg [/usr/lib/gcc/x86_64-linux-gnu/7/crtendS.o] ==> ignore
    arg [/usr/lib/gcc/x86_64-linux-gnu/7/../../../x86_64-linux-gnu/crtn.o] ==> ignore
  collapse library dir [/usr/lib/gcc/x86_64-linux-gnu/7] ==> [/usr/lib/gcc/x86_64-linux-gnu/7]
  collapse library dir [/usr/lib/gcc/x86_64-linux-gnu/7/../../../x86_64-linux-gnu] ==> [/usr/lib/x86_64-linux-gnu]
  collapse library dir [/usr/lib/gcc/x86_64-linux-gnu/7/../../../../lib] ==> [/usr/lib]
  collapse library dir [/lib/x86_64-linux-gnu] ==> [/lib/x86_64-linux-gnu]
  collapse library dir [/lib/../lib] ==> [/lib]
  collapse library dir [/usr/lib/x86_64-linux-gnu] ==> [/usr/lib/x86_64-linux-gnu]
  collapse library dir [/usr/lib/../lib] ==> [/usr/lib]
  collapse library dir [/usr/lib/gcc/x86_64-linux-gnu/7/../../..] ==> [/usr/lib]
  implicit libs: [stdc++;m;gcc_s;gcc;c;gcc_s;gcc]
  implicit dirs: [/usr/lib/gcc/x86_64-linux-gnu/7;/usr/lib/x86_64-linux-gnu;/usr/lib;/lib/x86_64-linux-gnu;/lib]
  implicit fwks: []




Detecting CXX [-std=c++1z] compiler features compiled with the following output:
Change Dir: /home/uzu/drone-slam-octomap/Requirements/eigen_ws/eigen-3.3.7/build/CMakeFiles/CMakeTmp

Run Build Command:"/usr/bin/make" "cmTC_99d58/fast"
/usr/bin/make -f CMakeFiles/cmTC_99d58.dir/build.make CMakeFiles/cmTC_99d58.dir/build
make[1]: ディレクトリ '/home/uzu/drone-slam-octomap/Requirements/eigen_ws/eigen-3.3.7/build/CMakeFiles/CMakeTmp' に入ります
Building CXX object CMakeFiles/cmTC_99d58.dir/feature_tests.cxx.o
/usr/bin/c++    -std=c++1z -o CMakeFiles/cmTC_99d58.dir/feature_tests.cxx.o -c /home/uzu/drone-slam-octomap/Requirements/eigen_ws/eigen-3.3.7/build/CMakeFiles/feature_tests.cxx
Linking CXX executable cmTC_99d58
/usr/bin/cmake -E cmake_link_script CMakeFiles/cmTC_99d58.dir/link.txt --verbose=1
/usr/bin/c++       -rdynamic CMakeFiles/cmTC_99d58.dir/feature_tests.cxx.o  -o cmTC_99d58 
make[1]: ディレクトリ '/home/uzu/drone-slam-octomap/Requirements/eigen_ws/eigen-3.3.7/build/CMakeFiles/CMakeTmp' から出ます


    Feature record: CXX_FEATURE:1cxx_aggregate_default_initializers
    Feature record: CXX_FEATURE:1cxx_alias_templates
    Feature record: CXX_FEATURE:1cxx_alignas
    Feature record: CXX_FEATURE:1cxx_alignof
    Feature record: CXX_FEATURE:1cxx_attributes
    Feature record: CXX_FEATURE:1cxx_attribute_deprecated
    Feature record: CXX_FEATURE:1cxx_auto_type
    Feature record: CXX_FEATURE:1cxx_binary_literals
    Feature record: CXX_FEATURE:1cxx_constexpr
    Feature record: CXX_FEATURE:1cxx_contextual_conversions
    Feature record: CXX_FEATURE:1cxx_decltype
    Feature record: CXX_FEATURE:1cxx_decltype_auto
    Feature record: CXX_FEATURE:1cxx_decltype_incomplete_return_types
    Feature record: CXX_FEATURE:1cxx_default_function_template_args
    Feature record: CXX_FEATURE:1cxx_defaulted_functions
    Feature record: CXX_FEATURE:1cxx_defaulted_move_initializers
    Feature record: CXX_FEATURE:1cxx_delegating_constructors
    Feature record: CXX_FEATURE:1cxx_deleted_functions
    Feature record: CXX_FEATURE:1cxx_digit_separators
    Feature record: CXX_FEATURE:1cxx_enum_forward_declarations
    Feature record: CXX_FEATURE:1cxx_explicit_conversions
    Feature record: CXX_FEATURE:1cxx_extended_friend_declarations
    Feature record: CXX_FEATURE:1cxx_extern_templates
    Feature record: CXX_FEATURE:1cxx_final
    Feature record: CXX_FEATURE:1cxx_func_identifier
    Feature record: CXX_FEATURE:1cxx_generalized_initializers
    Feature record: CXX_FEATURE:1cxx_generic_lambdas
    Feature record: CXX_FEATURE:1cxx_inheriting_constructors
    Feature record: CXX_FEATURE:1cxx_inline_namespaces
    Feature record: CXX_FEATURE:1cxx_lambdas
    Feature record: CXX_FEATURE:1cxx_lambda_init_captures
    Feature record: CXX_FEATURE:1cxx_local_type_template_args
    Feature record: CXX_FEATURE:1cxx_long_long_type
    Feature record: CXX_FEATURE:1cxx_noexcept
    Feature record: CXX_FEATURE:1cxx_nonstatic_member_init
    Feature record: CXX_FEATURE:1cxx_nullptr
    Feature record: CXX_FEATURE:1cxx_override
    Feature record: CXX_FEATURE:1cxx_range_for
    Feature record: CXX_FEATURE:1cxx_raw_string_literals
    Feature record: CXX_FEATURE:1cxx_reference_qualified_functions
    Feature record: CXX_FEATURE:1cxx_relaxed_constexpr
    Feature record: CXX_FEATURE:1cxx_return_type_deduction
    Feature record: CXX_FEATURE:1cxx_right_angle_brackets
    Feature record: CXX_FEATURE:1cxx_rvalue_references
    Feature record: CXX_FEATURE:1cxx_sizeof_member
    Feature record: CXX_FEATURE:1cxx_static_assert
    Feature record: CXX_FEATURE:1cxx_strong_enums
    Feature record: CXX_FEATURE:1cxx_template_template_parameters
    Feature record: CXX_FEATURE:1cxx_thread_local
    Feature record: CXX_FEATURE:1cxx_trailing_return_types
    Feature record: CXX_FEATURE:1cxx_unicode_literals
    Feature record: CXX_FEATURE:1cxx_uniform_initialization
    Feature record: CXX_FEATURE:1cxx_unrestricted_unions
    Feature record: CXX_FEATURE:1cxx_user_literals
    Feature record: CXX_FEATURE:1cxx_variable_templates
    Feature record: CXX_FEATURE:1cxx_variadic_macros
    Feature record: CXX_FEATURE:1cxx_variadic_templates


Detecting CXX [-std=c++14] compiler features compiled with the following output:
Change Dir: /home/uzu/drone-slam-octomap/Requirements/eigen_ws/eigen-3.3.7/build/CMakeFiles/CMakeTmp

Run Build Command:"/usr/bin/make" "cmTC_4d6cd/fast"
/usr/bin/make -f CMakeFiles/cmTC_4d6cd.dir/build.make CMakeFiles/cmTC_4d6cd.dir/build
make[1]: ディレクトリ '/home/uzu/drone-slam-octomap/Requirements/eigen_ws/eigen-3.3.7/build/CMakeFiles/CMakeTmp' に入ります
Building CXX object CMakeFiles/cmTC_4d6cd.dir/feature_tests.cxx.o
/usr/bin/c++    -std=c++14 -o CMakeFiles/cmTC_4d6cd.dir/feature_tests.cxx.o -c /home/uzu/drone-slam-octomap/Requirements/eigen_ws/eigen-3.3.7/build/CMakeFiles/feature_tests.cxx
Linking CXX executable cmTC_4d6cd
/usr/bin/cmake -E cmake_link_script CMakeFiles/cmTC_4d6cd.dir/link.txt --verbose=1
/usr/bin/c++       -rdynamic CMakeFiles/cmTC_4d6cd.dir/feature_tests.cxx.o  -o cmTC_4d6cd 
make[1]: ディレクトリ '/home/uzu/drone-slam-octomap/Requirements/eigen_ws/eigen-3.3.7/build/CMakeFiles/CMakeTmp' から出ます


    Feature record: CXX_FEATURE:1cxx_aggregate_default_initializers
    Feature record: CXX_FEATURE:1cxx_alias_templates
    Feature record: CXX_FEATURE:1cxx_alignas
    Feature record: CXX_FEATURE:1cxx_alignof
    Feature record: CXX_FEATURE:1cxx_attributes
    Feature record: CXX_FEATURE:1cxx_attribute_deprecated
    Feature record: CXX_FEATURE:1cxx_auto_type
    Feature record: CXX_FEATURE:1cxx_binary_literals
    Feature record: CXX_FEATURE:1cxx_constexpr
    Feature record: CXX_FEATURE:1cxx_contextual_conversions
    Feature record: CXX_FEATURE:1cxx_decltype
    Feature record: CXX_FEATURE:1cxx_decltype_auto
    Feature record: CXX_FEATURE:1cxx_decltype_incomplete_return_types
    Feature record: CXX_FEATURE:1cxx_default_function_template_args
    Feature record: CXX_FEATURE:1cxx_defaulted_functions
    Feature record: CXX_FEATURE:1cxx_defaulted_move_initializers
    Feature record: CXX_FEATURE:1cxx_delegating_constructors
    Feature record: CXX_FEATURE:1cxx_deleted_functions
    Feature record: CXX_FEATURE:1cxx_digit_separators
    Feature record: CXX_FEATURE:1cxx_enum_forward_declarations
    Feature record: CXX_FEATURE:1cxx_explicit_conversions
    Feature record: CXX_FEATURE:1cxx_extended_friend_declarations
    Feature record: CXX_FEATURE:1cxx_extern_templates
    Feature record: CXX_FEATURE:1cxx_final
    Feature record: CXX_FEATURE:1cxx_func_identifier
    Feature record: CXX_FEATURE:1cxx_generalized_initializers
    Feature record: CXX_FEATURE:1cxx_generic_lambdas
    Feature record: CXX_FEATURE:1cxx_inheriting_constructors
    Feature record: CXX_FEATURE:1cxx_inline_namespaces
    Feature record: CXX_FEATURE:1cxx_lambdas
    Feature record: CXX_FEATURE:1cxx_lambda_init_captures
    Feature record: CXX_FEATURE:1cxx_local_type_template_args
    Feature record: CXX_FEATURE:1cxx_long_long_type
    Feature record: CXX_FEATURE:1cxx_noexcept
    Feature record: CXX_FEATURE:1cxx_nonstatic_member_init
    Feature record: CXX_FEATURE:1cxx_nullptr
    Feature record: CXX_FEATURE:1cxx_override
    Feature record: CXX_FEATURE:1cxx_range_for
    Feature record: CXX_FEATURE:1cxx_raw_string_literals
    Feature record: CXX_FEATURE:1cxx_reference_qualified_functions
    Feature record: CXX_FEATURE:1cxx_relaxed_constexpr
    Feature record: CXX_FEATURE:1cxx_return_type_deduction
    Feature record: CXX_FEATURE:1cxx_right_angle_brackets
    Feature record: CXX_FEATURE:1cxx_rvalue_references
    Feature record: CXX_FEATURE:1cxx_sizeof_member
    Feature record: CXX_FEATURE:1cxx_static_assert
    Feature record: CXX_FEATURE:1cxx_strong_enums
    Feature record: CXX_FEATURE:1cxx_template_template_parameters
    Feature record: CXX_FEATURE:1cxx_thread_local
    Feature record: CXX_FEATURE:1cxx_trailing_return_types
    Feature record: CXX_FEATURE:1cxx_unicode_literals
    Feature record: CXX_FEATURE:1cxx_uniform_initialization
    Feature record: CXX_FEATURE:1cxx_unrestricted_unions
    Feature record: CXX_FEATURE:1cxx_user_literals
    Feature record: CXX_FEATURE:1cxx_variable_templates
    Feature record: CXX_FEATURE:1cxx_variadic_macros
    Feature record: CXX_FEATURE:1cxx_variadic_templates


Detecting CXX [-std=c++11] compiler features compiled with the following output:
Change Dir: /home/uzu/drone-slam-octomap/Requirements/eigen_ws/eigen-3.3.7/build/CMakeFiles/CMakeTmp

Run Build Command:"/usr/bin/make" "cmTC_8feff/fast"
/usr/bin/make -f CMakeFiles/cmTC_8feff.dir/build.make CMakeFiles/cmTC_8feff.dir/build
make[1]: ディレクトリ '/home/uzu/drone-slam-octomap/Requirements/eigen_ws/eigen-3.3.7/build/CMakeFiles/CMakeTmp' に入ります
Building CXX object CMakeFiles/cmTC_8feff.dir/feature_tests.cxx.o
/usr/bin/c++    -std=c++11 -o CMakeFiles/cmTC_8feff.dir/feature_tests.cxx.o -c /home/uzu/drone-slam-octomap/Requirements/eigen_ws/eigen-3.3.7/build/CMakeFiles/feature_tests.cxx
Linking CXX executable cmTC_8feff
/usr/bin/cmake -E cmake_link_script CMakeFiles/cmTC_8feff.dir/link.txt --verbose=1
/usr/bin/c++       -rdynamic CMakeFiles/cmTC_8feff.dir/feature_tests.cxx.o  -o cmTC_8feff 
make[1]: ディレクトリ '/home/uzu/drone-slam-octomap/Requirements/eigen_ws/eigen-3.3.7/build/CMakeFiles/CMakeTmp' から出ます


    Feature record: CXX_FEATURE:0cxx_aggregate_default_initializers
    Feature record: CXX_FEATURE:1cxx_alias_templates
    Feature record: CXX_FEATURE:1cxx_alignas
    Feature record: CXX_FEATURE:1cxx_alignof
    Feature record: CXX_FEATURE:1cxx_attributes
    Feature record: CXX_FEATURE:0cxx_attribute_deprecated
    Feature record: CXX_FEATURE:1cxx_auto_type
    Feature record: CXX_FEATURE:0cxx_binary_literals
    Feature record: CXX_FEATURE:1cxx_constexpr
    Feature record: CXX_FEATURE:0cxx_contextual_conversions
    Feature record: CXX_FEATURE:1cxx_decltype
    Feature record: CXX_FEATURE:0cxx_decltype_auto
    Feature record: CXX_FEATURE:1cxx_decltype_incomplete_return_types
    Feature record: CXX_FEATURE:1cxx_default_function_template_args
    Feature record: CXX_FEATURE:1cxx_defaulted_functions
    Feature record: CXX_FEATURE:1cxx_defaulted_move_initializers
    Feature record: CXX_FEATURE:1cxx_delegating_constructors
    Feature record: CXX_FEATURE:1cxx_deleted_functions
    Feature record: CXX_FEATURE:0cxx_digit_separators
    Feature record: CXX_FEATURE:1cxx_enum_forward_declarations
    Feature record: CXX_FEATURE:1cxx_explicit_conversions
    Feature record: CXX_FEATURE:1cxx_extended_friend_declarations
    Feature record: CXX_FEATURE:1cxx_extern_templates
    Feature record: CXX_FEATURE:1cxx_final
    Feature record: CXX_FEATURE:1cxx_func_identifier
    Feature record: CXX_FEATURE:1cxx_generalized_initializers
    Feature record: CXX_FEATURE:0cxx_generic_lambdas
    Feature record: CXX_FEATURE:1cxx_inheriting_constructors
    Feature record: CXX_FEATURE:1cxx_inline_namespaces
    Feature record: CXX_FEATURE:1cxx_lambdas
    Feature record: CXX_FEATURE:0cxx_lambda_init_captures
    Feature record: CXX_FEATURE:1cxx_local_type_template_args
    Feature record: CXX_FEATURE:1cxx_long_long_type
    Feature record: CXX_FEATURE:1cxx_noexcept
    Feature record: CXX_FEATURE:1cxx_nonstatic_member_init
    Feature record: CXX_FEATURE:1cxx_nullptr
    Feature record: CXX_FEATURE:1cxx_override
    Feature record: CXX_FEATURE:1cxx_range_for
    Feature record: CXX_FEATURE:1cxx_raw_string_literals
    Feature record: CXX_FEATURE:1cxx_reference_qualified_functions
    Feature record: CXX_FEATURE:0cxx_relaxed_constexpr
    Feature record: CXX_FEATURE:0cxx_return_type_deduction
    Feature record: CXX_FEATURE:1cxx_right_angle_brackets
    Feature record: CXX_FEATURE:1cxx_rvalue_references
    Feature record: CXX_FEATURE:1cxx_sizeof_member
    Feature record: CXX_FEATURE:1cxx_static_assert
    Feature record: CXX_FEATURE:1cxx_strong_enums
    Feature record: CXX_FEATURE:1cxx_template_template_parameters
    Feature record: CXX_FEATURE:1cxx_thread_local
    Feature record: CXX_FEATURE:1cxx_trailing_return_types
    Feature record: CXX_FEATURE:1cxx_unicode_literals
    Feature record: CXX_FEATURE:1cxx_uniform_initialization
    Feature record: CXX_FEATURE:1cxx_unrestricted_unions
    Feature record: CXX_FEATURE:1cxx_user_literals
    Feature record: CXX_FEATURE:0cxx_variable_templates
    Feature record: CXX_FEATURE:1cxx_variadic_macros
    Feature record: CXX_FEATURE:1cxx_variadic_templates


Detecting CXX [-std=c++98] compiler features compiled with the following output:
Change Dir: /home/uzu/drone-slam-octomap/Requirements/eigen_ws/eigen-3.3.7/build/CMakeFiles/CMakeTmp

Run Build Command:"/usr/bin/make" "cmTC_c2ec5/fast"
/usr/bin/make -f CMakeFiles/cmTC_c2ec5.dir/build.make CMakeFiles/cmTC_c2ec5.dir/build
make[1]: ディレクトリ '/home/uzu/drone-slam-octomap/Requirements/eigen_ws/eigen-3.3.7/build/CMakeFiles/CMakeTmp' に入ります
Building CXX object CMakeFiles/cmTC_c2ec5.dir/feature_tests.cxx.o
/usr/bin/c++    -std=c++98 -o CMakeFiles/cmTC_c2ec5.dir/feature_tests.cxx.o -c /home/uzu/drone-slam-octomap/Requirements/eigen_ws/eigen-3.3.7/build/CMakeFiles/feature_tests.cxx
Linking CXX executable cmTC_c2ec5
/usr/bin/cmake -E cmake_link_script CMakeFiles/cmTC_c2ec5.dir/link.txt --verbose=1
/usr/bin/c++       -rdynamic CMakeFiles/cmTC_c2ec5.dir/feature_tests.cxx.o  -o cmTC_c2ec5 
make[1]: ディレクトリ '/home/uzu/drone-slam-octomap/Requirements/eigen_ws/eigen-3.3.7/build/CMakeFiles/CMakeTmp' から出ます


    Feature record: CXX_FEATURE:0cxx_aggregate_default_initializers
    Feature record: CXX_FEATURE:0cxx_alias_templates
    Feature record: CXX_FEATURE:0cxx_alignas
    Feature record: CXX_FEATURE:0cxx_alignof
    Feature record: CXX_FEATURE:0cxx_attributes
    Feature record: CXX_FEATURE:0cxx_attribute_deprecated
    Feature record: CXX_FEATURE:0cxx_auto_type
    Feature record: CXX_FEATURE:0cxx_binary_literals
    Feature record: CXX_FEATURE:0cxx_constexpr
    Feature record: CXX_FEATURE:0cxx_contextual_conversions
    Feature record: CXX_FEATURE:0cxx_decltype
    Feature record: CXX_FEATURE:0cxx_decltype_auto
    Feature record: CXX_FEATURE:0cxx_decltype_incomplete_return_types
    Feature record: CXX_FEATURE:0cxx_default_function_template_args
    Feature record: CXX_FEATURE:0cxx_defaulted_functions
    Feature record: CXX_FEATURE:0cxx_defaulted_move_initializers
    Feature record: CXX_FEATURE:0cxx_delegating_constructors
    Feature record: CXX_FEATURE:0cxx_deleted_functions
    Feature record: CXX_FEATURE:0cxx_digit_separators
    Feature record: CXX_FEATURE:0cxx_enum_forward_declarations
    Feature record: CXX_FEATURE:0cxx_explicit_conversions
    Feature record: CXX_FEATURE:0cxx_extended_friend_declarations
    Feature record: CXX_FEATURE:0cxx_extern_templates
    Feature record: CXX_FEATURE:0cxx_final
    Feature record: CXX_FEATURE:0cxx_func_identifier
    Feature record: CXX_FEATURE:0cxx_generalized_initializers
    Feature record: CXX_FEATURE:0cxx_generic_lambdas
    Feature record: CXX_FEATURE:0cxx_inheriting_constructors
    Feature record: CXX_FEATURE:0cxx_inline_namespaces
    Feature record: CXX_FEATURE:0cxx_lambdas
    Feature record: CXX_FEATURE:0cxx_lambda_init_captures
    Feature record: CXX_FEATURE:0cxx_local_type_template_args
    Feature record: CXX_FEATURE:0cxx_long_long_type
    Feature record: CXX_FEATURE:0cxx_noexcept
    Feature record: CXX_FEATURE:0cxx_nonstatic_member_init
    Feature record: CXX_FEATURE:0cxx_nullptr
    Feature record: CXX_FEATURE:0cxx_override
    Feature record: CXX_FEATURE:0cxx_range_for
    Feature record: CXX_FEATURE:0cxx_raw_string_literals
    Feature record: CXX_FEATURE:0cxx_reference_qualified_functions
    Feature record: CXX_FEATURE:0cxx_relaxed_constexpr
    Feature record: CXX_FEATURE:0cxx_return_type_deduction
    Feature record: CXX_FEATURE:0cxx_right_angle_brackets
    Feature record: CXX_FEATURE:0cxx_rvalue_references
    Feature record: CXX_FEATURE:0cxx_sizeof_member
    Feature record: CXX_FEATURE:0cxx_static_assert
    Feature record: CXX_FEATURE:0cxx_strong_enums
    Feature record: CXX_FEATURE:1cxx_template_template_parameters
    Feature record: CXX_FEATURE:0cxx_thread_local
    Feature record: CXX_FEATURE:0cxx_trailing_return_types
    Feature record: CXX_FEATURE:0cxx_unicode_literals
    Feature record: CXX_FEATURE:0cxx_uniform_initialization
    Feature record: CXX_FEATURE:0cxx_unrestricted_unions
    Feature record: CXX_FEATURE:0cxx_user_literals
    Feature record: CXX_FEATURE:0cxx_variable_templates
    Feature record: CXX_FEATURE:0cxx_variadic_macros
    Feature record: CXX_FEATURE:0cxx_variadic_templates
Performing C++ SOURCE FILE Test EIGEN_COMPILER_SUPPORT_CPP11 succeeded with the following output:
Change Dir: /home/uzu/drone-slam-octomap/Requirements/eigen_ws/eigen-3.3.7/build/CMakeFiles/CMakeTmp

Run Build Command:"/usr/bin/make" "cmTC_3139f/fast"
/usr/bin/make -f CMakeFiles/cmTC_3139f.dir/build.make CMakeFiles/cmTC_3139f.dir/build
make[1]: Entering directory '/home/uzu/drone-slam-octomap/Requirements/eigen_ws/eigen-3.3.7/build/CMakeFiles/CMakeTmp'
Building CXX object CMakeFiles/cmTC_3139f.dir/src.cxx.o
/usr/bin/c++    -DEIGEN_COMPILER_SUPPORT_CPP11   -std=c++11 -o CMakeFiles/cmTC_3139f.dir/src.cxx.o -c /home/uzu/drone-slam-octomap/Requirements/eigen_ws/eigen-3.3.7/build/CMakeFiles/CMakeTmp/src.cxx
Linking CXX executable cmTC_3139f
/usr/bin/cmake -E cmake_link_script CMakeFiles/cmTC_3139f.dir/link.txt --verbose=1
/usr/bin/c++   -DEIGEN_COMPILER_SUPPORT_CPP11    -rdynamic CMakeFiles/cmTC_3139f.dir/src.cxx.o  -o cmTC_3139f 
make[1]: Leaving directory '/home/uzu/drone-slam-octomap/Requirements/eigen_ws/eigen-3.3.7/build/CMakeFiles/CMakeTmp'

Source file was:
int main() { return 0; }
Performing C++ SOURCE FILE Test COMPILER_SUPPORT_std=cpp03 succeeded with the following output:
Change Dir: /home/uzu/drone-slam-octomap/Requirements/eigen_ws/eigen-3.3.7/build/CMakeFiles/CMakeTmp

Run Build Command:"/usr/bin/make" "cmTC_8c45a/fast"
/usr/bin/make -f CMakeFiles/cmTC_8c45a.dir/build.make CMakeFiles/cmTC_8c45a.dir/build
make[1]: Entering directory '/home/uzu/drone-slam-octomap/Requirements/eigen_ws/eigen-3.3.7/build/CMakeFiles/CMakeTmp'
Building CXX object CMakeFiles/cmTC_8c45a.dir/src.cxx.o
/usr/bin/c++    -DCOMPILER_SUPPORT_std=cpp03   -std=c++03 -o CMakeFiles/cmTC_8c45a.dir/src.cxx.o -c /home/uzu/drone-slam-octomap/Requirements/eigen_ws/eigen-3.3.7/build/CMakeFiles/CMakeTmp/src.cxx
Linking CXX executable cmTC_8c45a
/usr/bin/cmake -E cmake_link_script CMakeFiles/cmTC_8c45a.dir/link.txt --verbose=1
/usr/bin/c++   -DCOMPILER_SUPPORT_std=cpp03    -rdynamic CMakeFiles/cmTC_8c45a.dir/src.cxx.o  -o cmTC_8c45a 
make[1]: Leaving directory '/home/uzu/drone-slam-octomap/Requirements/eigen_ws/eigen-3.3.7/build/CMakeFiles/CMakeTmp'

Source file was:
int main() { return 0; }
Performing C++ SOURCE FILE Test standard_math_library_linked_to_automatically succeeded with the following output:
Change Dir: /home/uzu/drone-slam-octomap/Requirements/eigen_ws/eigen-3.3.7/build/CMakeFiles/CMakeTmp

Run Build Command:"/usr/bin/make" "cmTC_f5182/fast"
/usr/bin/make -f CMakeFiles/cmTC_f5182.dir/build.make CMakeFiles/cmTC_f5182.dir/build
make[1]: ディレクトリ '/home/uzu/drone-slam-octomap/Requirements/eigen_ws/eigen-3.3.7/build/CMakeFiles/CMakeTmp' に入ります
Building CXX object CMakeFiles/cmTC_f5182.dir/src.cxx.o
/usr/bin/c++    -std=c++03 -Dstandard_math_library_linked_to_automatically   -o CMakeFiles/cmTC_f5182.dir/src.cxx.o -c /home/uzu/drone-slam-octomap/Requirements/eigen_ws/eigen-3.3.7/build/CMakeFiles/CMakeTmp/src.cxx
Linking CXX executable cmTC_f5182
/usr/bin/cmake -E cmake_link_script CMakeFiles/cmTC_f5182.dir/link.txt --verbose=1
/usr/bin/c++   -std=c++03 -Dstandard_math_library_linked_to_automatically    -rdynamic CMakeFiles/cmTC_f5182.dir/src.cxx.o  -o cmTC_f5182 
make[1]: ディレクトリ '/home/uzu/drone-slam-octomap/Requirements/eigen_ws/eigen-3.3.7/build/CMakeFiles/CMakeTmp' から出ます

Source file was:
#include<cmath>
int main() { std::sin(0.0); std::log(0.0f); }
Performing C++ SOURCE FILE Test COMPILER_SUPPORT_WERROR succeeded with the following output:
Change Dir: /home/uzu/drone-slam-octomap/Requirements/eigen_ws/eigen-3.3.7/build/CMakeFiles/CMakeTmp

Run Build Command:"/usr/bin/make" "cmTC_375fa/fast"
/usr/bin/make -f CMakeFiles/cmTC_375fa.dir/build.make CMakeFiles/cmTC_375fa.dir/build
make[1]: Entering directory '/home/uzu/drone-slam-octomap/Requirements/eigen_ws/eigen-3.3.7/build/CMakeFiles/CMakeTmp'
Building CXX object CMakeFiles/cmTC_375fa.dir/src.cxx.o
/usr/bin/c++    -std=c++03 -DCOMPILER_SUPPORT_WERROR   -Werror -o CMakeFiles/cmTC_375fa.dir/src.cxx.o -c /home/uzu/drone-slam-octomap/Requirements/eigen_ws/eigen-3.3.7/build/CMakeFiles/CMakeTmp/src.cxx
Linking CXX executable cmTC_375fa
/usr/bin/cmake -E cmake_link_script CMakeFiles/cmTC_375fa.dir/link.txt --verbose=1
/usr/bin/c++   -std=c++03 -DCOMPILER_SUPPORT_WERROR    -rdynamic CMakeFiles/cmTC_375fa.dir/src.cxx.o  -o cmTC_375fa 
make[1]: Leaving directory '/home/uzu/drone-slam-octomap/Requirements/eigen_ws/eigen-3.3.7/build/CMakeFiles/CMakeTmp'

Source file was:
int main() { return 0; }
Performing C++ SOURCE FILE Test COMPILER_SUPPORT_pedantic succeeded with the following output:
Change Dir: /home/uzu/drone-slam-octomap/Requirements/eigen_ws/eigen-3.3.7/build/CMakeFiles/CMakeTmp

Run Build Command:"/usr/bin/make" "cmTC_9f0c8/fast"
/usr/bin/make -f CMakeFiles/cmTC_9f0c8.dir/build.make CMakeFiles/cmTC_9f0c8.dir/build
make[1]: Entering directory '/home/uzu/drone-slam-octomap/Requirements/eigen_ws/eigen-3.3.7/build/CMakeFiles/CMakeTmp'
Building CXX object CMakeFiles/cmTC_9f0c8.dir/src.cxx.o
/usr/bin/c++    -std=c++03 -DCOMPILER_SUPPORT_pedantic -Werror   -pedantic -o CMakeFiles/cmTC_9f0c8.dir/src.cxx.o -c /home/uzu/drone-slam-octomap/Requirements/eigen_ws/eigen-3.3.7/build/CMakeFiles/CMakeTmp/src.cxx
Linking CXX executable cmTC_9f0c8
/usr/bin/cmake -E cmake_link_script CMakeFiles/cmTC_9f0c8.dir/link.txt --verbose=1
/usr/bin/c++   -std=c++03 -DCOMPILER_SUPPORT_pedantic -Werror    -rdynamic CMakeFiles/cmTC_9f0c8.dir/src.cxx.o  -o cmTC_9f0c8 
make[1]: Leaving directory '/home/uzu/drone-slam-octomap/Requirements/eigen_ws/eigen-3.3.7/build/CMakeFiles/CMakeTmp'

Source file was:
int main() { return 0; }
Performing C++ SOURCE FILE Test COMPILER_SUPPORT_Wall succeeded with the following output:
Change Dir: /home/uzu/drone-slam-octomap/Requirements/eigen_ws/eigen-3.3.7/build/CMakeFiles/CMakeTmp

Run Build Command:"/usr/bin/make" "cmTC_2f418/fast"
/usr/bin/make -f CMakeFiles/cmTC_2f418.dir/build.make CMakeFiles/cmTC_2f418.dir/build
make[1]: Entering directory '/home/uzu/drone-slam-octomap/Requirements/eigen_ws/eigen-3.3.7/build/CMakeFiles/CMakeTmp'
Building CXX object CMakeFiles/cmTC_2f418.dir/src.cxx.o
/usr/bin/c++    -std=c++03 -pedantic -DCOMPILER_SUPPORT_Wall -Werror   -Wall -o CMakeFiles/cmTC_2f418.dir/src.cxx.o -c /home/uzu/drone-slam-octomap/Requirements/eigen_ws/eigen-3.3.7/build/CMakeFiles/CMakeTmp/src.cxx
Linking CXX executable cmTC_2f418
/usr/bin/cmake -E cmake_link_script CMakeFiles/cmTC_2f418.dir/link.txt --verbose=1
/usr/bin/c++   -std=c++03 -pedantic -DCOMPILER_SUPPORT_Wall -Werror    -rdynamic CMakeFiles/cmTC_2f418.dir/src.cxx.o  -o cmTC_2f418 
make[1]: Leaving directory '/home/uzu/drone-slam-octomap/Requirements/eigen_ws/eigen-3.3.7/build/CMakeFiles/CMakeTmp'

Source file was:
int main() { return 0; }
Performing C++ SOURCE FILE Test COMPILER_SUPPORT_Wextra succeeded with the following output:
Change Dir: /home/uzu/drone-slam-octomap/Requirements/eigen_ws/eigen-3.3.7/build/CMakeFiles/CMakeTmp

Run Build Command:"/usr/bin/make" "cmTC_0031b/fast"
/usr/bin/make -f CMakeFiles/cmTC_0031b.dir/build.make CMakeFiles/cmTC_0031b.dir/build
make[1]: Entering directory '/home/uzu/drone-slam-octomap/Requirements/eigen_ws/eigen-3.3.7/build/CMakeFiles/CMakeTmp'
Building CXX object CMakeFiles/cmTC_0031b.dir/src.cxx.o
/usr/bin/c++    -std=c++03 -pedantic -Wall -DCOMPILER_SUPPORT_Wextra -Werror   -Wextra -o CMakeFiles/cmTC_0031b.dir/src.cxx.o -c /home/uzu/drone-slam-octomap/Requirements/eigen_ws/eigen-3.3.7/build/CMakeFiles/CMakeTmp/src.cxx
Linking CXX executable cmTC_0031b
/usr/bin/cmake -E cmake_link_script CMakeFiles/cmTC_0031b.dir/link.txt --verbose=1
/usr/bin/c++   -std=c++03 -pedantic -Wall -DCOMPILER_SUPPORT_Wextra -Werror    -rdynamic CMakeFiles/cmTC_0031b.dir/src.cxx.o  -o cmTC_0031b 
make[1]: Leaving directory '/home/uzu/drone-slam-octomap/Requirements/eigen_ws/eigen-3.3.7/build/CMakeFiles/CMakeTmp'

Source file was:
int main() { return 0; }
Performing C++ SOURCE FILE Test COMPILER_SUPPORT_Wundef succeeded with the following output:
Change Dir: /home/uzu/drone-slam-octomap/Requirements/eigen_ws/eigen-3.3.7/build/CMakeFiles/CMakeTmp

Run Build Command:"/usr/bin/make" "cmTC_f89ec/fast"
/usr/bin/make -f CMakeFiles/cmTC_f89ec.dir/build.make CMakeFiles/cmTC_f89ec.dir/build
make[1]: Entering directory '/home/uzu/drone-slam-octomap/Requirements/eigen_ws/eigen-3.3.7/build/CMakeFiles/CMakeTmp'
Building CXX object CMakeFiles/cmTC_f89ec.dir/src.cxx.o
/usr/bin/c++    -std=c++03 -pedantic -Wall -Wextra -DCOMPILER_SUPPORT_Wundef -Werror   -Wundef -o CMakeFiles/cmTC_f89ec.dir/src.cxx.o -c /home/uzu/drone-slam-octomap/Requirements/eigen_ws/eigen-3.3.7/build/CMakeFiles/CMakeTmp/src.cxx
Linking CXX executable cmTC_f89ec
/usr/bin/cmake -E cmake_link_script CMakeFiles/cmTC_f89ec.dir/link.txt --verbose=1
/usr/bin/c++   -std=c++03 -pedantic -Wall -Wextra -DCOMPILER_SUPPORT_Wundef -Werror    -rdynamic CMakeFiles/cmTC_f89ec.dir/src.cxx.o  -o cmTC_f89ec 
make[1]: Leaving directory '/home/uzu/drone-slam-octomap/Requirements/eigen_ws/eigen-3.3.7/build/CMakeFiles/CMakeTmp'

Source file was:
int main() { return 0; }
Performing C++ SOURCE FILE Test COMPILER_SUPPORT_Wcastalign succeeded with the following output:
Change Dir: /home/uzu/drone-slam-octomap/Requirements/eigen_ws/eigen-3.3.7/build/CMakeFiles/CMakeTmp

Run Build Command:"/usr/bin/make" "cmTC_ce1ef/fast"
/usr/bin/make -f CMakeFiles/cmTC_ce1ef.dir/build.make CMakeFiles/cmTC_ce1ef.dir/build
make[1]: Entering directory '/home/uzu/drone-slam-octomap/Requirements/eigen_ws/eigen-3.3.7/build/CMakeFiles/CMakeTmp'
Building CXX object CMakeFiles/cmTC_ce1ef.dir/src.cxx.o
/usr/bin/c++    -std=c++03 -pedantic -Wall -Wextra -Wundef -DCOMPILER_SUPPORT_Wcastalign -Werror   -Wcast-align -o CMakeFiles/cmTC_ce1ef.dir/src.cxx.o -c /home/uzu/drone-slam-octomap/Requirements/eigen_ws/eigen-3.3.7/build/CMakeFiles/CMakeTmp/src.cxx
Linking CXX executable cmTC_ce1ef
/usr/bin/cmake -E cmake_link_script CMakeFiles/cmTC_ce1ef.dir/link.txt --verbose=1
/usr/bin/c++   -std=c++03 -pedantic -Wall -Wextra -Wundef -DCOMPILER_SUPPORT_Wcastalign -Werror    -rdynamic CMakeFiles/cmTC_ce1ef.dir/src.cxx.o  -o cmTC_ce1ef 
make[1]: Leaving directory '/home/uzu/drone-slam-octomap/Requirements/eigen_ws/eigen-3.3.7/build/CMakeFiles/CMakeTmp'

Source file was:
int main() { return 0; }
Performing C++ SOURCE FILE Test COMPILER_SUPPORT_Wcharsubscripts succeeded with the following output:
Change Dir: /home/uzu/drone-slam-octomap/Requirements/eigen_ws/eigen-3.3.7/build/CMakeFiles/CMakeTmp

Run Build Command:"/usr/bin/make" "cmTC_6b841/fast"
/usr/bin/make -f CMakeFiles/cmTC_6b841.dir/build.make CMakeFiles/cmTC_6b841.dir/build
make[1]: Entering directory '/home/uzu/drone-slam-octomap/Requirements/eigen_ws/eigen-3.3.7/build/CMakeFiles/CMakeTmp'
Building CXX object CMakeFiles/cmTC_6b841.dir/src.cxx.o
/usr/bin/c++    -std=c++03 -pedantic -Wall -Wextra -Wundef -Wcast-align -DCOMPILER_SUPPORT_Wcharsubscripts -Werror   -Wchar-subscripts -o CMakeFiles/cmTC_6b841.dir/src.cxx.o -c /home/uzu/drone-slam-octomap/Requirements/eigen_ws/eigen-3.3.7/build/CMakeFiles/CMakeTmp/src.cxx
Linking CXX executable cmTC_6b841
/usr/bin/cmake -E cmake_link_script CMakeFiles/cmTC_6b841.dir/link.txt --verbose=1
/usr/bin/c++   -std=c++03 -pedantic -Wall -Wextra -Wundef -Wcast-align -DCOMPILER_SUPPORT_Wcharsubscripts -Werror    -rdynamic CMakeFiles/cmTC_6b841.dir/src.cxx.o  -o cmTC_6b841 
make[1]: Leaving directory '/home/uzu/drone-slam-octomap/Requirements/eigen_ws/eigen-3.3.7/build/CMakeFiles/CMakeTmp'

Source file was:
int main() { return 0; }
Performing C++ SOURCE FILE Test COMPILER_SUPPORT_Wnonvirtualdtor succeeded with the following output:
Change Dir: /home/uzu/drone-slam-octomap/Requirements/eigen_ws/eigen-3.3.7/build/CMakeFiles/CMakeTmp

Run Build Command:"/usr/bin/make" "cmTC_2c5f8/fast"
/usr/bin/make -f CMakeFiles/cmTC_2c5f8.dir/build.make CMakeFiles/cmTC_2c5f8.dir/build
make[1]: Entering directory '/home/uzu/drone-slam-octomap/Requirements/eigen_ws/eigen-3.3.7/build/CMakeFiles/CMakeTmp'
Building CXX object CMakeFiles/cmTC_2c5f8.dir/src.cxx.o
/usr/bin/c++    -std=c++03 -pedantic -Wall -Wextra -Wundef -Wcast-align -Wchar-subscripts -DCOMPILER_SUPPORT_Wnonvirtualdtor -Werror   -Wnon-virtual-dtor -o CMakeFiles/cmTC_2c5f8.dir/src.cxx.o -c /home/uzu/drone-slam-octomap/Requirements/eigen_ws/eigen-3.3.7/build/CMakeFiles/CMakeTmp/src.cxx
Linking CXX executable cmTC_2c5f8
/usr/bin/cmake -E cmake_link_script CMakeFiles/cmTC_2c5f8.dir/link.txt --verbose=1
/usr/bin/c++   -std=c++03 -pedantic -Wall -Wextra -Wundef -Wcast-align -Wchar-subscripts -DCOMPILER_SUPPORT_Wnonvirtualdtor -Werror    -rdynamic CMakeFiles/cmTC_2c5f8.dir/src.cxx.o  -o cmTC_2c5f8 
make[1]: Leaving directory '/home/uzu/drone-slam-octomap/Requirements/eigen_ws/eigen-3.3.7/build/CMakeFiles/CMakeTmp'

Source file was:
int main() { return 0; }
Performing C++ SOURCE FILE Test COMPILER_SUPPORT_Wunusedlocaltypedefs succeeded with the following output:
Change Dir: /home/uzu/drone-slam-octomap/Requirements/eigen_ws/eigen-3.3.7/build/CMakeFiles/CMakeTmp

Run Build Command:"/usr/bin/make" "cmTC_3d6a1/fast"
/usr/bin/make -f CMakeFiles/cmTC_3d6a1.dir/build.make CMakeFiles/cmTC_3d6a1.dir/build
make[1]: Entering directory '/home/uzu/drone-slam-octomap/Requirements/eigen_ws/eigen-3.3.7/build/CMakeFiles/CMakeTmp'
Building CXX object CMakeFiles/cmTC_3d6a1.dir/src.cxx.o
/usr/bin/c++    -std=c++03 -pedantic -Wall -Wextra -Wundef -Wcast-align -Wchar-subscripts -Wnon-virtual-dtor -DCOMPILER_SUPPORT_Wunusedlocaltypedefs -Werror   -Wunused-local-typedefs -o CMakeFiles/cmTC_3d6a1.dir/src.cxx.o -c /home/uzu/drone-slam-octomap/Requirements/eigen_ws/eigen-3.3.7/build/CMakeFiles/CMakeTmp/src.cxx
Linking CXX executable cmTC_3d6a1
/usr/bin/cmake -E cmake_link_script CMakeFiles/cmTC_3d6a1.dir/link.txt --verbose=1
/usr/bin/c++   -std=c++03 -pedantic -Wall -Wextra -Wundef -Wcast-align -Wchar-subscripts -Wnon-virtual-dtor -DCOMPILER_SUPPORT_Wunusedlocaltypedefs -Werror    -rdynamic CMakeFiles/cmTC_3d6a1.dir/src.cxx.o  -o cmTC_3d6a1 
make[1]: Leaving directory '/home/uzu/drone-slam-octomap/Requirements/eigen_ws/eigen-3.3.7/build/CMakeFiles/CMakeTmp'

Source file was:
int main() { return 0; }
Performing C++ SOURCE FILE Test COMPILER_SUPPORT_Wpointerarith succeeded with the following output:
Change Dir: /home/uzu/drone-slam-octomap/Requirements/eigen_ws/eigen-3.3.7/build/CMakeFiles/CMakeTmp

Run Build Command:"/usr/bin/make" "cmTC_7586a/fast"
/usr/bin/make -f CMakeFiles/cmTC_7586a.dir/build.make CMakeFiles/cmTC_7586a.dir/build
make[1]: Entering directory '/home/uzu/drone-slam-octomap/Requirements/eigen_ws/eigen-3.3.7/build/CMakeFiles/CMakeTmp'
Building CXX object CMakeFiles/cmTC_7586a.dir/src.cxx.o
/usr/bin/c++    -std=c++03 -pedantic -Wall -Wextra -Wundef -Wcast-align -Wchar-subscripts -Wnon-virtual-dtor -Wunused-local-typedefs -DCOMPILER_SUPPORT_Wpointerarith -Werror   -Wpointer-arith -o CMakeFiles/cmTC_7586a.dir/src.cxx.o -c /home/uzu/drone-slam-octomap/Requirements/eigen_ws/eigen-3.3.7/build/CMakeFiles/CMakeTmp/src.cxx
Linking CXX executable cmTC_7586a
/usr/bin/cmake -E cmake_link_script CMakeFiles/cmTC_7586a.dir/link.txt --verbose=1
/usr/bin/c++   -std=c++03 -pedantic -Wall -Wextra -Wundef -Wcast-align -Wchar-subscripts -Wnon-virtual-dtor -Wunused-local-typedefs -DCOMPILER_SUPPORT_Wpointerarith -Werror    -rdynamic CMakeFiles/cmTC_7586a.dir/src.cxx.o  -o cmTC_7586a 
make[1]: Leaving directory '/home/uzu/drone-slam-octomap/Requirements/eigen_ws/eigen-3.3.7/build/CMakeFiles/CMakeTmp'

Source file was:
int main() { return 0; }
Performing C++ SOURCE FILE Test COMPILER_SUPPORT_Wwritestrings succeeded with the following output:
Change Dir: /home/uzu/drone-slam-octomap/Requirements/eigen_ws/eigen-3.3.7/build/CMakeFiles/CMakeTmp

Run Build Command:"/usr/bin/make" "cmTC_5283f/fast"
/usr/bin/make -f CMakeFiles/cmTC_5283f.dir/build.make CMakeFiles/cmTC_5283f.dir/build
make[1]: Entering directory '/home/uzu/drone-slam-octomap/Requirements/eigen_ws/eigen-3.3.7/build/CMakeFiles/CMakeTmp'
Building CXX object CMakeFiles/cmTC_5283f.dir/src.cxx.o
/usr/bin/c++    -std=c++03 -pedantic -Wall -Wextra -Wundef -Wcast-align -Wchar-subscripts -Wnon-virtual-dtor -Wunused-local-typedefs -Wpointer-arith -DCOMPILER_SUPPORT_Wwritestrings -Werror   -Wwrite-strings -o CMakeFiles/cmTC_5283f.dir/src.cxx.o -c /home/uzu/drone-slam-octomap/Requirements/eigen_ws/eigen-3.3.7/build/CMakeFiles/CMakeTmp/src.cxx
Linking CXX executable cmTC_5283f
/usr/bin/cmake -E cmake_link_script CMakeFiles/cmTC_5283f.dir/link.txt --verbose=1
/usr/bin/c++   -std=c++03 -pedantic -Wall -Wextra -Wundef -Wcast-align -Wchar-subscripts -Wnon-virtual-dtor -Wunused-local-typedefs -Wpointer-arith -DCOMPILER_SUPPORT_Wwritestrings -Werror    -rdynamic CMakeFiles/cmTC_5283f.dir/src.cxx.o  -o cmTC_5283f 
make[1]: Leaving directory '/home/uzu/drone-slam-octomap/Requirements/eigen_ws/eigen-3.3.7/build/CMakeFiles/CMakeTmp'

Source file was:
int main() { return 0; }
Performing C++ SOURCE FILE Test COMPILER_SUPPORT_Wformatsecurity succeeded with the following output:
Change Dir: /home/uzu/drone-slam-octomap/Requirements/eigen_ws/eigen-3.3.7/build/CMakeFiles/CMakeTmp

Run Build Command:"/usr/bin/make" "cmTC_5577d/fast"
/usr/bin/make -f CMakeFiles/cmTC_5577d.dir/build.make CMakeFiles/cmTC_5577d.dir/build
make[1]: Entering directory '/home/uzu/drone-slam-octomap/Requirements/eigen_ws/eigen-3.3.7/build/CMakeFiles/CMakeTmp'
Building CXX object CMakeFiles/cmTC_5577d.dir/src.cxx.o
/usr/bin/c++    -std=c++03 -pedantic -Wall -Wextra -Wundef -Wcast-align -Wchar-subscripts -Wnon-virtual-dtor -Wunused-local-typedefs -Wpointer-arith -Wwrite-strings -DCOMPILER_SUPPORT_Wformatsecurity -Werror   -Wformat-security -o CMakeFiles/cmTC_5577d.dir/src.cxx.o -c /home/uzu/drone-slam-octomap/Requirements/eigen_ws/eigen-3.3.7/build/CMakeFiles/CMakeTmp/src.cxx
Linking CXX executable cmTC_5577d
/usr/bin/cmake -E cmake_link_script CMakeFiles/cmTC_5577d.dir/link.txt --verbose=1
/usr/bin/c++   -std=c++03 -pedantic -Wall -Wextra -Wundef -Wcast-align -Wchar-subscripts -Wnon-virtual-dtor -Wunused-local-typedefs -Wpointer-arith -Wwrite-strings -DCOMPILER_SUPPORT_Wformatsecurity -Werror    -rdynamic CMakeFiles/cmTC_5577d.dir/src.cxx.o  -o cmTC_5577d 
make[1]: Leaving directory '/home/uzu/drone-slam-octomap/Requirements/eigen_ws/eigen-3.3.7/build/CMakeFiles/CMakeTmp'

Source file was:
int main() { return 0; }
Performing C++ SOURCE FILE Test COMPILER_SUPPORT_Wlogicalop succeeded with the following output:
Change Dir: /home/uzu/drone-slam-octomap/Requirements/eigen_ws/eigen-3.3.7/build/CMakeFiles/CMakeTmp

Run Build Command:"/usr/bin/make" "cmTC_fe31f/fast"
/usr/bin/make -f CMakeFiles/cmTC_fe31f.dir/build.make CMakeFiles/cmTC_fe31f.dir/build
make[1]: Entering directory '/home/uzu/drone-slam-octomap/Requirements/eigen_ws/eigen-3.3.7/build/CMakeFiles/CMakeTmp'
Building CXX object CMakeFiles/cmTC_fe31f.dir/src.cxx.o
/usr/bin/c++    -std=c++03 -pedantic -Wall -Wextra -Wundef -Wcast-align -Wchar-subscripts -Wnon-virtual-dtor -Wunused-local-typedefs -Wpointer-arith -Wwrite-strings -Wformat-security -DCOMPILER_SUPPORT_Wlogicalop -Werror   -Wlogical-op -o CMakeFiles/cmTC_fe31f.dir/src.cxx.o -c /home/uzu/drone-slam-octomap/Requirements/eigen_ws/eigen-3.3.7/build/CMakeFiles/CMakeTmp/src.cxx
Linking CXX executable cmTC_fe31f
/usr/bin/cmake -E cmake_link_script CMakeFiles/cmTC_fe31f.dir/link.txt --verbose=1
/usr/bin/c++   -std=c++03 -pedantic -Wall -Wextra -Wundef -Wcast-align -Wchar-subscripts -Wnon-virtual-dtor -Wunused-local-typedefs -Wpointer-arith -Wwrite-strings -Wformat-security -DCOMPILER_SUPPORT_Wlogicalop -Werror    -rdynamic CMakeFiles/cmTC_fe31f.dir/src.cxx.o  -o cmTC_fe31f 
make[1]: Leaving directory '/home/uzu/drone-slam-octomap/Requirements/eigen_ws/eigen-3.3.7/build/CMakeFiles/CMakeTmp'

Source file was:
int main() { return 0; }
Performing C++ SOURCE FILE Test COMPILER_SUPPORT_Wdoublepromotion succeeded with the following output:
Change Dir: /home/uzu/drone-slam-octomap/Requirements/eigen_ws/eigen-3.3.7/build/CMakeFiles/CMakeTmp

Run Build Command:"/usr/bin/make" "cmTC_1644d/fast"
/usr/bin/make -f CMakeFiles/cmTC_1644d.dir/build.make CMakeFiles/cmTC_1644d.dir/build
make[1]: Entering directory '/home/uzu/drone-slam-octomap/Requirements/eigen_ws/eigen-3.3.7/build/CMakeFiles/CMakeTmp'
Building CXX object CMakeFiles/cmTC_1644d.dir/src.cxx.o
/usr/bin/c++    -std=c++03 -pedantic -Wall -Wextra -Wundef -Wcast-align -Wchar-subscripts -Wnon-virtual-dtor -Wunused-local-typedefs -Wpointer-arith -Wwrite-strings -Wformat-security -Wlogical-op -DCOMPILER_SUPPORT_Wdoublepromotion -Werror   -Wdouble-promotion -o CMakeFiles/cmTC_1644d.dir/src.cxx.o -c /home/uzu/drone-slam-octomap/Requirements/eigen_ws/eigen-3.3.7/build/CMakeFiles/CMakeTmp/src.cxx
Linking CXX executable cmTC_1644d
/usr/bin/cmake -E cmake_link_script CMakeFiles/cmTC_1644d.dir/link.txt --verbose=1
/usr/bin/c++   -std=c++03 -pedantic -Wall -Wextra -Wundef -Wcast-align -Wchar-subscripts -Wnon-virtual-dtor -Wunused-local-typedefs -Wpointer-arith -Wwrite-strings -Wformat-security -Wlogical-op -DCOMPILER_SUPPORT_Wdoublepromotion -Werror    -rdynamic CMakeFiles/cmTC_1644d.dir/src.cxx.o  -o cmTC_1644d 
make[1]: Leaving directory '/home/uzu/drone-slam-octomap/Requirements/eigen_ws/eigen-3.3.7/build/CMakeFiles/CMakeTmp'

Source file was:
int main() { return 0; }
Performing C++ SOURCE FILE Test COMPILER_SUPPORT_Wnopsabi succeeded with the following output:
Change Dir: /home/uzu/drone-slam-octomap/Requirements/eigen_ws/eigen-3.3.7/build/CMakeFiles/CMakeTmp

Run Build Command:"/usr/bin/make" "cmTC_54e73/fast"
/usr/bin/make -f CMakeFiles/cmTC_54e73.dir/build.make CMakeFiles/cmTC_54e73.dir/build
make[1]: Entering directory '/home/uzu/drone-slam-octomap/Requirements/eigen_ws/eigen-3.3.7/build/CMakeFiles/CMakeTmp'
Building CXX object CMakeFiles/cmTC_54e73.dir/src.cxx.o
/usr/bin/c++    -std=c++03 -pedantic -Wall -Wextra -Wundef -Wcast-align -Wchar-subscripts -Wnon-virtual-dtor -Wunused-local-typedefs -Wpointer-arith -Wwrite-strings -Wformat-security -Wlogical-op -Wdouble-promotion -DCOMPILER_SUPPORT_Wnopsabi -Werror   -Wno-psabi -o CMakeFiles/cmTC_54e73.dir/src.cxx.o -c /home/uzu/drone-slam-octomap/Requirements/eigen_ws/eigen-3.3.7/build/CMakeFiles/CMakeTmp/src.cxx
Linking CXX executable cmTC_54e73
/usr/bin/cmake -E cmake_link_script CMakeFiles/cmTC_54e73.dir/link.txt --verbose=1
/usr/bin/c++   -std=c++03 -pedantic -Wall -Wextra -Wundef -Wcast-align -Wchar-subscripts -Wnon-virtual-dtor -Wunused-local-typedefs -Wpointer-arith -Wwrite-strings -Wformat-security -Wlogical-op -Wdouble-promotion -DCOMPILER_SUPPORT_Wnopsabi -Werror    -rdynamic CMakeFiles/cmTC_54e73.dir/src.cxx.o  -o cmTC_54e73 
make[1]: Leaving directory '/home/uzu/drone-slam-octomap/Requirements/eigen_ws/eigen-3.3.7/build/CMakeFiles/CMakeTmp'

Source file was:
int main() { return 0; }
Performing C++ SOURCE FILE Test COMPILER_SUPPORT_Wnovariadicmacros succeeded with the following output:
Change Dir: /home/uzu/drone-slam-octomap/Requirements/eigen_ws/eigen-3.3.7/build/CMakeFiles/CMakeTmp

Run Build Command:"/usr/bin/make" "cmTC_be70a/fast"
/usr/bin/make -f CMakeFiles/cmTC_be70a.dir/build.make CMakeFiles/cmTC_be70a.dir/build
make[1]: Entering directory '/home/uzu/drone-slam-octomap/Requirements/eigen_ws/eigen-3.3.7/build/CMakeFiles/CMakeTmp'
Building CXX object CMakeFiles/cmTC_be70a.dir/src.cxx.o
/usr/bin/c++    -std=c++03 -pedantic -Wall -Wextra -Wundef -Wcast-align -Wchar-subscripts -Wnon-virtual-dtor -Wunused-local-typedefs -Wpointer-arith -Wwrite-strings -Wformat-security -Wlogical-op -Wdouble-promotion -Wno-psabi -DCOMPILER_SUPPORT_Wnovariadicmacros -Werror   -Wno-variadic-macros -o CMakeFiles/cmTC_be70a.dir/src.cxx.o -c /home/uzu/drone-slam-octomap/Requirements/eigen_ws/eigen-3.3.7/build/CMakeFiles/CMakeTmp/src.cxx
Linking CXX executable cmTC_be70a
/usr/bin/cmake -E cmake_link_script CMakeFiles/cmTC_be70a.dir/link.txt --verbose=1
/usr/bin/c++   -std=c++03 -pedantic -Wall -Wextra -Wundef -Wcast-align -Wchar-subscripts -Wnon-virtual-dtor -Wunused-local-typedefs -Wpointer-arith -Wwrite-strings -Wformat-security -Wlogical-op -Wdouble-promotion -Wno-psabi -DCOMPILER_SUPPORT_Wnovariadicmacros -Werror    -rdynamic CMakeFiles/cmTC_be70a.dir/src.cxx.o  -o cmTC_be70a 
make[1]: Leaving directory '/home/uzu/drone-slam-octomap/Requirements/eigen_ws/eigen-3.3.7/build/CMakeFiles/CMakeTmp'

Source file was:
int main() { return 0; }
Performing C++ SOURCE FILE Test COMPILER_SUPPORT_Wnolonglong succeeded with the following output:
Change Dir: /home/uzu/drone-slam-octomap/Requirements/eigen_ws/eigen-3.3.7/build/CMakeFiles/CMakeTmp

Run Build Command:"/usr/bin/make" "cmTC_43be0/fast"
/usr/bin/make -f CMakeFiles/cmTC_43be0.dir/build.make CMakeFiles/cmTC_43be0.dir/build
make[1]: Entering directory '/home/uzu/drone-slam-octomap/Requirements/eigen_ws/eigen-3.3.7/build/CMakeFiles/CMakeTmp'
Building CXX object CMakeFiles/cmTC_43be0.dir/src.cxx.o
/usr/bin/c++    -std=c++03 -pedantic -Wall -Wextra -Wundef -Wcast-align -Wchar-subscripts -Wnon-virtual-dtor -Wunused-local-typedefs -Wpointer-arith -Wwrite-strings -Wformat-security -Wlogical-op -Wdouble-promotion -Wno-psabi -Wno-variadic-macros -DCOMPILER_SUPPORT_Wnolonglong -Werror   -Wno-long-long -o CMakeFiles/cmTC_43be0.dir/src.cxx.o -c /home/uzu/drone-slam-octomap/Requirements/eigen_ws/eigen-3.3.7/build/CMakeFiles/CMakeTmp/src.cxx
Linking CXX executable cmTC_43be0
/usr/bin/cmake -E cmake_link_script CMakeFiles/cmTC_43be0.dir/link.txt --verbose=1
/usr/bin/c++   -std=c++03 -pedantic -Wall -Wextra -Wundef -Wcast-align -Wchar-subscripts -Wnon-virtual-dtor -Wunused-local-typedefs -Wpointer-arith -Wwrite-strings -Wformat-security -Wlogical-op -Wdouble-promotion -Wno-psabi -Wno-variadic-macros -DCOMPILER_SUPPORT_Wnolonglong -Werror    -rdynamic CMakeFiles/cmTC_43be0.dir/src.cxx.o  -o cmTC_43be0 
make[1]: Leaving directory '/home/uzu/drone-slam-octomap/Requirements/eigen_ws/eigen-3.3.7/build/CMakeFiles/CMakeTmp'

Source file was:
int main() { return 0; }
Performing C++ SOURCE FILE Test COMPILER_SUPPORT_fnochecknew succeeded with the following output:
Change Dir: /home/uzu/drone-slam-octomap/Requirements/eigen_ws/eigen-3.3.7/build/CMakeFiles/CMakeTmp

Run Build Command:"/usr/bin/make" "cmTC_b813b/fast"
/usr/bin/make -f CMakeFiles/cmTC_b813b.dir/build.make CMakeFiles/cmTC_b813b.dir/build
make[1]: Entering directory '/home/uzu/drone-slam-octomap/Requirements/eigen_ws/eigen-3.3.7/build/CMakeFiles/CMakeTmp'
Building CXX object CMakeFiles/cmTC_b813b.dir/src.cxx.o
/usr/bin/c++    -std=c++03 -pedantic -Wall -Wextra -Wundef -Wcast-align -Wchar-subscripts -Wnon-virtual-dtor -Wunused-local-typedefs -Wpointer-arith -Wwrite-strings -Wformat-security -Wlogical-op -Wdouble-promotion -Wno-psabi -Wno-variadic-macros -Wno-long-long -DCOMPILER_SUPPORT_fnochecknew -Werror   -fno-check-new -o CMakeFiles/cmTC_b813b.dir/src.cxx.o -c /home/uzu/drone-slam-octomap/Requirements/eigen_ws/eigen-3.3.7/build/CMakeFiles/CMakeTmp/src.cxx
Linking CXX executable cmTC_b813b
/usr/bin/cmake -E cmake_link_script CMakeFiles/cmTC_b813b.dir/link.txt --verbose=1
/usr/bin/c++   -std=c++03 -pedantic -Wall -Wextra -Wundef -Wcast-align -Wchar-subscripts -Wnon-virtual-dtor -Wunused-local-typedefs -Wpointer-arith -Wwrite-strings -Wformat-security -Wlogical-op -Wdouble-promotion -Wno-psabi -Wno-variadic-macros -Wno-long-long -DCOMPILER_SUPPORT_fnochecknew -Werror    -rdynamic CMakeFiles/cmTC_b813b.dir/src.cxx.o  -o cmTC_b813b 
make[1]: Leaving directory '/home/uzu/drone-slam-octomap/Requirements/eigen_ws/eigen-3.3.7/build/CMakeFiles/CMakeTmp'

Source file was:
int main() { return 0; }
Performing C++ SOURCE FILE Test COMPILER_SUPPORT_fnocommon succeeded with the following output:
Change Dir: /home/uzu/drone-slam-octomap/Requirements/eigen_ws/eigen-3.3.7/build/CMakeFiles/CMakeTmp

Run Build Command:"/usr/bin/make" "cmTC_f90d5/fast"
/usr/bin/make -f CMakeFiles/cmTC_f90d5.dir/build.make CMakeFiles/cmTC_f90d5.dir/build
make[1]: Entering directory '/home/uzu/drone-slam-octomap/Requirements/eigen_ws/eigen-3.3.7/build/CMakeFiles/CMakeTmp'
Building CXX object CMakeFiles/cmTC_f90d5.dir/src.cxx.o
/usr/bin/c++    -std=c++03 -pedantic -Wall -Wextra -Wundef -Wcast-align -Wchar-subscripts -Wnon-virtual-dtor -Wunused-local-typedefs -Wpointer-arith -Wwrite-strings -Wformat-security -Wlogical-op -Wdouble-promotion -Wno-psabi -Wno-variadic-macros -Wno-long-long -fno-check-new -DCOMPILER_SUPPORT_fnocommon -Werror   -fno-common -o CMakeFiles/cmTC_f90d5.dir/src.cxx.o -c /home/uzu/drone-slam-octomap/Requirements/eigen_ws/eigen-3.3.7/build/CMakeFiles/CMakeTmp/src.cxx
Linking CXX executable cmTC_f90d5
/usr/bin/cmake -E cmake_link_script CMakeFiles/cmTC_f90d5.dir/link.txt --verbose=1
/usr/bin/c++   -std=c++03 -pedantic -Wall -Wextra -Wundef -Wcast-align -Wchar-subscripts -Wnon-virtual-dtor -Wunused-local-typedefs -Wpointer-arith -Wwrite-strings -Wformat-security -Wlogical-op -Wdouble-promotion -Wno-psabi -Wno-variadic-macros -Wno-long-long -fno-check-new -DCOMPILER_SUPPORT_fnocommon -Werror    -rdynamic CMakeFiles/cmTC_f90d5.dir/src.cxx.o  -o cmTC_f90d5 
make[1]: Leaving directory '/home/uzu/drone-slam-octomap/Requirements/eigen_ws/eigen-3.3.7/build/CMakeFiles/CMakeTmp'

Source file was:
int main() { return 0; }
Performing C++ SOURCE FILE Test COMPILER_SUPPORT_fstrictaliasing succeeded with the following output:
Change Dir: /home/uzu/drone-slam-octomap/Requirements/eigen_ws/eigen-3.3.7/build/CMakeFiles/CMakeTmp

Run Build Command:"/usr/bin/make" "cmTC_b8813/fast"
/usr/bin/make -f CMakeFiles/cmTC_b8813.dir/build.make CMakeFiles/cmTC_b8813.dir/build
make[1]: Entering directory '/home/uzu/drone-slam-octomap/Requirements/eigen_ws/eigen-3.3.7/build/CMakeFiles/CMakeTmp'
Building CXX object CMakeFiles/cmTC_b8813.dir/src.cxx.o
/usr/bin/c++    -std=c++03 -pedantic -Wall -Wextra -Wundef -Wcast-align -Wchar-subscripts -Wnon-virtual-dtor -Wunused-local-typedefs -Wpointer-arith -Wwrite-strings -Wformat-security -Wlogical-op -Wdouble-promotion -Wno-psabi -Wno-variadic-macros -Wno-long-long -fno-check-new -fno-common -DCOMPILER_SUPPORT_fstrictaliasing -Werror   -fstrict-aliasing -o CMakeFiles/cmTC_b8813.dir/src.cxx.o -c /home/uzu/drone-slam-octomap/Requirements/eigen_ws/eigen-3.3.7/build/CMakeFiles/CMakeTmp/src.cxx
Linking CXX executable cmTC_b8813
/usr/bin/cmake -E cmake_link_script CMakeFiles/cmTC_b8813.dir/link.txt --verbose=1
/usr/bin/c++   -std=c++03 -pedantic -Wall -Wextra -Wundef -Wcast-align -Wchar-subscripts -Wnon-virtual-dtor -Wunused-local-typedefs -Wpointer-arith -Wwrite-strings -Wformat-security -Wlogical-op -Wdouble-promotion -Wno-psabi -Wno-variadic-macros -Wno-long-long -fno-check-new -fno-common -DCOMPILER_SUPPORT_fstrictaliasing -Werror    -rdynamic CMakeFiles/cmTC_b8813.dir/src.cxx.o  -o cmTC_b8813 
make[1]: Leaving directory '/home/uzu/drone-slam-octomap/Requirements/eigen_ws/eigen-3.3.7/build/CMakeFiles/CMakeTmp'

Source file was:
int main() { return 0; }
Performing C++ SOURCE FILE Test COMPILER_SUPPORT_ansi succeeded with the following output:
Change Dir: /home/uzu/drone-slam-octomap/Requirements/eigen_ws/eigen-3.3.7/build/CMakeFiles/CMakeTmp

Run Build Command:"/usr/bin/make" "cmTC_226f3/fast"
/usr/bin/make -f CMakeFiles/cmTC_226f3.dir/build.make CMakeFiles/cmTC_226f3.dir/build
make[1]: Entering directory '/home/uzu/drone-slam-octomap/Requirements/eigen_ws/eigen-3.3.7/build/CMakeFiles/CMakeTmp'
Building CXX object CMakeFiles/cmTC_226f3.dir/src.cxx.o
/usr/bin/c++    -std=c++03 -pedantic -Wall -Wextra -Wundef -Wcast-align -Wchar-subscripts -Wnon-virtual-dtor -Wunused-local-typedefs -Wpointer-arith -Wwrite-strings -Wformat-security -Wlogical-op -Wdouble-promotion -Wno-psabi -Wno-variadic-macros -Wno-long-long -fno-check-new -fno-common -fstrict-aliasing -DCOMPILER_SUPPORT_ansi -Werror   -ansi -o CMakeFiles/cmTC_226f3.dir/src.cxx.o -c /home/uzu/drone-slam-octomap/Requirements/eigen_ws/eigen-3.3.7/build/CMakeFiles/CMakeTmp/src.cxx
Linking CXX executable cmTC_226f3
/usr/bin/cmake -E cmake_link_script CMakeFiles/cmTC_226f3.dir/link.txt --verbose=1
/usr/bin/c++   -std=c++03 -pedantic -Wall -Wextra -Wundef -Wcast-align -Wchar-subscripts -Wnon-virtual-dtor -Wunused-local-typedefs -Wpointer-arith -Wwrite-strings -Wformat-security -Wlogical-op -Wdouble-promotion -Wno-psabi -Wno-variadic-macros -Wno-long-long -fno-check-new -fno-common -fstrict-aliasing -DCOMPILER_SUPPORT_ansi -Werror    -rdynamic CMakeFiles/cmTC_226f3.dir/src.cxx.o  -o cmTC_226f3 
make[1]: Leaving directory '/home/uzu/drone-slam-octomap/Requirements/eigen_ws/eigen-3.3.7/build/CMakeFiles/CMakeTmp'

Source file was:
int main() { return 0; }
Performing C++ SOURCE FILE Test COMPILER_SUPPORT_OPENMP succeeded with the following output:
Change Dir: /home/uzu/drone-slam-octomap/Requirements/eigen_ws/eigen-3.3.7/build/CMakeFiles/CMakeTmp

Run Build Command:"/usr/bin/make" "cmTC_614d6/fast"
/usr/bin/make -f CMakeFiles/cmTC_614d6.dir/build.make CMakeFiles/cmTC_614d6.dir/build
make[1]: Entering directory '/home/uzu/drone-slam-octomap/Requirements/eigen_ws/eigen-3.3.7/build/CMakeFiles/CMakeTmp'
Building CXX object CMakeFiles/cmTC_614d6.dir/src.cxx.o
/usr/bin/c++    -std=c++03 -pedantic -Wall -Wextra -Wundef -Wcast-align -Wchar-subscripts -Wnon-virtual-dtor -Wunused-local-typedefs -Wpointer-arith -Wwrite-strings -Wformat-security -Wlogical-op -Wdouble-promotion -Wno-psabi -Wno-variadic-macros -Wno-long-long -fno-check-new -fno-common -fstrict-aliasing -ansi -DCOMPILER_SUPPORT_OPENMP   -fopenmp -o CMakeFiles/cmTC_614d6.dir/src.cxx.o -c /home/uzu/drone-slam-octomap/Requirements/eigen_ws/eigen-3.3.7/build/CMakeFiles/CMakeTmp/src.cxx
Linking CXX executable cmTC_614d6
/usr/bin/cmake -E cmake_link_script CMakeFiles/cmTC_614d6.dir/link.txt --verbose=1
/usr/bin/c++   -std=c++03 -pedantic -Wall -Wextra -Wundef -Wcast-align -Wchar-subscripts -Wnon-virtual-dtor -Wunused-local-typedefs -Wpointer-arith -Wwrite-strings -Wformat-security -Wlogical-op -Wdouble-promotion -Wno-psabi -Wno-variadic-macros -Wno-long-long -fno-check-new -fno-common -fstrict-aliasing -ansi -DCOMPILER_SUPPORT_OPENMP    -rdynamic CMakeFiles/cmTC_614d6.dir/src.cxx.o  -o cmTC_614d6 
make[1]: Leaving directory '/home/uzu/drone-slam-octomap/Requirements/eigen_ws/eigen-3.3.7/build/CMakeFiles/CMakeTmp'

Source file was:
int main() { return 0; }
Determining if the include file pthread.h exists passed with the following output:
Change Dir: /home/uzu/drone-slam-octomap/Requirements/eigen_ws/eigen-3.3.7/build/CMakeFiles/CMakeTmp

Run Build Command:"/usr/bin/make" "cmTC_908aa/fast"
/usr/bin/make -f CMakeFiles/cmTC_908aa.dir/build.make CMakeFiles/cmTC_908aa.dir/build
make[1]: ディレクトリ '/home/uzu/drone-slam-octomap/Requirements/eigen_ws/eigen-3.3.7/build/CMakeFiles/CMakeTmp' に入ります
Building C object CMakeFiles/cmTC_908aa.dir/CheckIncludeFile.c.o
/usr/bin/cc    -o CMakeFiles/cmTC_908aa.dir/CheckIncludeFile.c.o   -c /home/uzu/drone-slam-octomap/Requirements/eigen_ws/eigen-3.3.7/build/CMakeFiles/CMakeTmp/CheckIncludeFile.c
Linking C executable cmTC_908aa
/usr/bin/cmake -E cmake_link_script CMakeFiles/cmTC_908aa.dir/link.txt --verbose=1
/usr/bin/cc      -rdynamic CMakeFiles/cmTC_908aa.dir/CheckIncludeFile.c.o  -o cmTC_908aa 
make[1]: ディレクトリ '/home/uzu/drone-slam-octomap/Requirements/eigen_ws/eigen-3.3.7/build/CMakeFiles/CMakeTmp' から出ます


Determining if the function pthread_create exists in the pthread passed with the following output:
Change Dir: /home/uzu/drone-slam-octomap/Requirements/eigen_ws/eigen-3.3.7/build/CMakeFiles/CMakeTmp

Run Build Command:"/usr/bin/make" "cmTC_bc094/fast"
/usr/bin/make -f CMakeFiles/cmTC_bc094.dir/build.make CMakeFiles/cmTC_bc094.dir/build
make[1]: ディレクトリ '/home/uzu/drone-slam-octomap/Requirements/eigen_ws/eigen-3.3.7/build/CMakeFiles/CMakeTmp' に入ります
Building C object CMakeFiles/cmTC_bc094.dir/CheckFunctionExists.c.o
/usr/bin/cc   -DCHECK_FUNCTION_EXISTS=pthread_create   -o CMakeFiles/cmTC_bc094.dir/CheckFunctionExists.c.o   -c /usr/share/cmake-3.10/Modules/CheckFunctionExists.c
Linking C executable cmTC_bc094
/usr/bin/cmake -E cmake_link_script CMakeFiles/cmTC_bc094.dir/link.txt --verbose=1
/usr/bin/cc  -DCHECK_FUNCTION_EXISTS=pthread_create    -rdynamic CMakeFiles/cmTC_bc094.dir/CheckFunctionExists.c.o  -o cmTC_bc094 -lpthread 
make[1]: ディレクトリ '/home/uzu/drone-slam-octomap/Requirements/eigen_ws/eigen-3.3.7/build/CMakeFiles/CMakeTmp' から出ます


Determining if the function sgemm_ exists passed with the following output:
Change Dir: /home/uzu/drone-slam-octomap/Requirements/eigen_ws/eigen-3.3.7/build/CMakeFiles/CMakeTmp

Run Build Command:"/usr/bin/make" "cmTC_e9505/fast"
/usr/bin/make -f CMakeFiles/cmTC_e9505.dir/build.make CMakeFiles/cmTC_e9505.dir/build
make[1]: ディレクトリ '/home/uzu/drone-slam-octomap/Requirements/eigen_ws/eigen-3.3.7/build/CMakeFiles/CMakeTmp' に入ります
Building C object CMakeFiles/cmTC_e9505.dir/CheckFunctionExists.c.o
/usr/bin/cc   -DCHECK_FUNCTION_EXISTS=sgemm_ -fopenmp   -o CMakeFiles/cmTC_e9505.dir/CheckFunctionExists.c.o   -c /usr/share/cmake-3.10/Modules/CheckFunctionExists.c
Linking C executable cmTC_e9505
/usr/bin/cmake -E cmake_link_script CMakeFiles/cmTC_e9505.dir/link.txt --verbose=1
/usr/bin/cc  -DCHECK_FUNCTION_EXISTS=sgemm_ -fopenmp    -rdynamic CMakeFiles/cmTC_e9505.dir/CheckFunctionExists.c.o  -o cmTC_e9505 /usr/lib/x86_64-linux-gnu/libblas.so 
make[1]: ディレクトリ '/home/uzu/drone-slam-octomap/Requirements/eigen_ws/eigen-3.3.7/build/CMakeFiles/CMakeTmp' から出ます


Determining if the function cheev_ exists passed with the following output:
Change Dir: /home/uzu/drone-slam-octomap/Requirements/eigen_ws/eigen-3.3.7/build/CMakeFiles/CMakeTmp

Run Build Command:"/usr/bin/make" "cmTC_1781f/fast"
/usr/bin/make -f CMakeFiles/cmTC_1781f.dir/build.make CMakeFiles/cmTC_1781f.dir/build
make[1]: ディレクトリ '/home/uzu/drone-slam-octomap/Requirements/eigen_ws/eigen-3.3.7/build/CMakeFiles/CMakeTmp' に入ります
Building C object CMakeFiles/cmTC_1781f.dir/CheckFunctionExists.c.o
/usr/bin/cc -DLAPACK_USE_F2C  -DCHECK_FUNCTION_EXISTS=cheev_ -fopenmp   -o CMakeFiles/cmTC_1781f.dir/CheckFunctionExists.c.o   -c /usr/share/cmake-3.10/Modules/CheckFunctionExists.c
Linking C executable cmTC_1781f
/usr/bin/cmake -E cmake_link_script CMakeFiles/cmTC_1781f.dir/link.txt --verbose=1
/usr/bin/cc  -DCHECK_FUNCTION_EXISTS=cheev_ -fopenmp    -rdynamic CMakeFiles/cmTC_1781f.dir/CheckFunctionExists.c.o  -o cmTC_1781f /usr/lib/x86_64-linux-gnu/liblapack.so /usr/lib/x86_64-linux-gnu/libblas.so 
make[1]: ディレクトリ '/home/uzu/drone-slam-octomap/Requirements/eigen_ws/eigen-3.3.7/build/CMakeFiles/CMakeTmp' から出ます


Performing C++ SOURCE FILE Test SUPERLU_HAS_GLOBAL_MEM_USAGE_T succeeded with the following output:
Change Dir: /home/uzu/drone-slam-octomap/Requirements/eigen_ws/eigen-3.3.7/build/CMakeFiles/CMakeTmp

Run Build Command:"/usr/bin/make" "cmTC_50104/fast"
/usr/bin/make -f CMakeFiles/cmTC_50104.dir/build.make CMakeFiles/cmTC_50104.dir/build
make[1]: ディレクトリ '/home/uzu/drone-slam-octomap/Requirements/eigen_ws/eigen-3.3.7/build/CMakeFiles/CMakeTmp' に入ります
Building CXX object CMakeFiles/cmTC_50104.dir/src.cxx.o
/usr/bin/c++  -DLAPACK_USE_F2C -I/usr/include/superlu  -std=c++03 -pedantic -Wall -Wextra -Wundef -Wcast-align -Wchar-subscripts -Wnon-virtual-dtor -Wunused-local-typedefs -Wpointer-arith -Wwrite-strings -Wformat-security -Wlogical-op -Wdouble-promotion -Wno-psabi -Wno-variadic-macros -Wno-long-long -fno-check-new -fno-common -fstrict-aliasing -ansi -DSUPERLU_HAS_GLOBAL_MEM_USAGE_T -fopenmp   -o CMakeFiles/cmTC_50104.dir/src.cxx.o -c /home/uzu/drone-slam-octomap/Requirements/eigen_ws/eigen-3.3.7/build/CMakeFiles/CMakeTmp/src.cxx
/home/uzu/drone-slam-octomap/Requirements/eigen_ws/eigen-3.3.7/build/CMakeFiles/CMakeTmp/src.cxx: In function ‘int main()’:
/home/uzu/drone-slam-octomap/Requirements/eigen_ws/eigen-3.3.7/build/CMakeFiles/CMakeTmp/src.cxx:6:15: warning: unused variable ‘mem’ [-Wunused-variable]
   mem_usage_t mem;
               ^~~
Linking CXX executable cmTC_50104
/usr/bin/cmake -E cmake_link_script CMakeFiles/cmTC_50104.dir/link.txt --verbose=1
/usr/bin/c++   -std=c++03 -pedantic -Wall -Wextra -Wundef -Wcast-align -Wchar-subscripts -Wnon-virtual-dtor -Wunused-local-typedefs -Wpointer-arith -Wwrite-strings -Wformat-security -Wlogical-op -Wdouble-promotion -Wno-psabi -Wno-variadic-macros -Wno-long-long -fno-check-new -fno-common -fstrict-aliasing -ansi -DSUPERLU_HAS_GLOBAL_MEM_USAGE_T -fopenmp    -rdynamic CMakeFiles/cmTC_50104.dir/src.cxx.o  -o cmTC_50104 
make[1]: ディレクトリ '/home/uzu/drone-slam-octomap/Requirements/eigen_ws/eigen-3.3.7/build/CMakeFiles/CMakeTmp' から出ます

Source file was:

typedef int int_t;
#include <supermatrix.h>
#include <slu_util.h>
int main() {
  mem_usage_t mem;
  return 0;
}
Performing C++ SOURCE FILE Test SUPERLU_HAS_CLEAN_ENUMS succeeded with the following output:
Change Dir: /home/uzu/drone-slam-octomap/Requirements/eigen_ws/eigen-3.3.7/build/CMakeFiles/CMakeTmp

Run Build Command:"/usr/bin/make" "cmTC_eb721/fast"
/usr/bin/make -f CMakeFiles/cmTC_eb721.dir/build.make CMakeFiles/cmTC_eb721.dir/build
make[1]: ディレクトリ '/home/uzu/drone-slam-octomap/Requirements/eigen_ws/eigen-3.3.7/build/CMakeFiles/CMakeTmp' に入ります
Building CXX object CMakeFiles/cmTC_eb721.dir/src.cxx.o
/usr/bin/c++  -DLAPACK_USE_F2C -I/usr/include/superlu  -std=c++03 -pedantic -Wall -Wextra -Wundef -Wcast-align -Wchar-subscripts -Wnon-virtual-dtor -Wunused-local-typedefs -Wpointer-arith -Wwrite-strings -Wformat-security -Wlogical-op -Wdouble-promotion -Wno-psabi -Wno-variadic-macros -Wno-long-long -fno-check-new -fno-common -fstrict-aliasing -ansi -DSUPERLU_HAS_CLEAN_ENUMS -fopenmp   -o CMakeFiles/cmTC_eb721.dir/src.cxx.o -c /home/uzu/drone-slam-octomap/Requirements/eigen_ws/eigen-3.3.7/build/CMakeFiles/CMakeTmp/src.cxx
Linking CXX executable cmTC_eb721
/usr/bin/cmake -E cmake_link_script CMakeFiles/cmTC_eb721.dir/link.txt --verbose=1
/usr/bin/c++   -std=c++03 -pedantic -Wall -Wextra -Wundef -Wcast-align -Wchar-subscripts -Wnon-virtual-dtor -Wunused-local-typedefs -Wpointer-arith -Wwrite-strings -Wformat-security -Wlogical-op -Wdouble-promotion -Wno-psabi -Wno-variadic-macros -Wno-long-long -fno-check-new -fno-common -fstrict-aliasing -ansi -DSUPERLU_HAS_CLEAN_ENUMS -fopenmp    -rdynamic CMakeFiles/cmTC_eb721.dir/src.cxx.o  -o cmTC_eb721 
make[1]: ディレクトリ '/home/uzu/drone-slam-octomap/Requirements/eigen_ws/eigen-3.3.7/build/CMakeFiles/CMakeTmp' から出ます

Source file was:

typedef int int_t;
#include <supermatrix.h>
#include <superlu_enum_consts.h>
int main() {
  return SLU_SINGLE;
}
Performing C++ SOURCE FILE Test SUPERLU_HAS_GLOBALLU_T succeeded with the following output:
Change Dir: /home/uzu/drone-slam-octomap/Requirements/eigen_ws/eigen-3.3.7/build/CMakeFiles/CMakeTmp

Run Build Command:"/usr/bin/make" "cmTC_d4c23/fast"
/usr/bin/make -f CMakeFiles/cmTC_d4c23.dir/build.make CMakeFiles/cmTC_d4c23.dir/build
make[1]: ディレクトリ '/home/uzu/drone-slam-octomap/Requirements/eigen_ws/eigen-3.3.7/build/CMakeFiles/CMakeTmp' に入ります
Building CXX object CMakeFiles/cmTC_d4c23.dir/src.cxx.o
/usr/bin/c++  -DLAPACK_USE_F2C -I/usr/include/superlu  -std=c++03 -pedantic -Wall -Wextra -Wundef -Wcast-align -Wchar-subscripts -Wnon-virtual-dtor -Wunused-local-typedefs -Wpointer-arith -Wwrite-strings -Wformat-security -Wlogical-op -Wdouble-promotion -Wno-psabi -Wno-variadic-macros -Wno-long-long -fno-check-new -fno-common -fstrict-aliasing -ansi -DSUPERLU_HAS_GLOBALLU_T -fopenmp   -o CMakeFiles/cmTC_d4c23.dir/src.cxx.o -c /home/uzu/drone-slam-octomap/Requirements/eigen_ws/eigen-3.3.7/build/CMakeFiles/CMakeTmp/src.cxx
/home/uzu/drone-slam-octomap/Requirements/eigen_ws/eigen-3.3.7/build/CMakeFiles/CMakeTmp/src.cxx: In function ‘int main()’:
/home/uzu/drone-slam-octomap/Requirements/eigen_ws/eigen-3.3.7/build/CMakeFiles/CMakeTmp/src.cxx:7:14: warning: unused variable ‘glu’ [-Wunused-variable]
   GlobalLU_t glu;
              ^~~
Linking CXX executable cmTC_d4c23
/usr/bin/cmake -E cmake_link_script CMakeFiles/cmTC_d4c23.dir/link.txt --verbose=1
/usr/bin/c++   -std=c++03 -pedantic -Wall -Wextra -Wundef -Wcast-align -Wchar-subscripts -Wnon-virtual-dtor -Wunused-local-typedefs -Wpointer-arith -Wwrite-strings -Wformat-security -Wlogical-op -Wdouble-promotion -Wno-psabi -Wno-variadic-macros -Wno-long-long -fno-check-new -fno-common -fstrict-aliasing -ansi -DSUPERLU_HAS_GLOBALLU_T -fopenmp    -rdynamic CMakeFiles/cmTC_d4c23.dir/src.cxx.o  -o cmTC_d4c23 
make[1]: ディレクトリ '/home/uzu/drone-slam-octomap/Requirements/eigen_ws/eigen-3.3.7/build/CMakeFiles/CMakeTmp' から出ます

Source file was:

typedef int int_t;
#include <supermatrix.h>
#include <slu_util.h>
int main(void)
{
  GlobalLU_t glu;
  return 0;
}
Performing C++ SOURCE FILE Test COMPILER_SUPPORT_FASTMATH succeeded with the following output:
Change Dir: /home/uzu/drone-slam-octomap/Requirements/eigen_ws/eigen-3.3.7/build/CMakeFiles/CMakeTmp

Run Build Command:"/usr/bin/make" "cmTC_51a7e/fast"
/usr/bin/make -f CMakeFiles/cmTC_51a7e.dir/build.make CMakeFiles/cmTC_51a7e.dir/build
make[1]: Entering directory '/home/uzu/drone-slam-octomap/Requirements/eigen_ws/eigen-3.3.7/build/CMakeFiles/CMakeTmp'
Building CXX object CMakeFiles/cmTC_51a7e.dir/src.cxx.o
/usr/bin/c++    -std=c++03 -pedantic -Wall -Wextra -Wundef -Wcast-align -Wchar-subscripts -Wnon-virtual-dtor -Wunused-local-typedefs -Wpointer-arith -Wwrite-strings -Wformat-security -Wlogical-op -Wdouble-promotion -Wno-psabi -Wno-variadic-macros -Wno-long-long -fno-check-new -fno-common -fstrict-aliasing -ansi -DCOMPILER_SUPPORT_FASTMATH -fopenmp   -ffast-math -o CMakeFiles/cmTC_51a7e.dir/src.cxx.o -c /home/uzu/drone-slam-octomap/Requirements/eigen_ws/eigen-3.3.7/build/CMakeFiles/CMakeTmp/src.cxx
Linking CXX executable cmTC_51a7e
/usr/bin/cmake -E cmake_link_script CMakeFiles/cmTC_51a7e.dir/link.txt --verbose=1
/usr/bin/c++   -std=c++03 -pedantic -Wall -Wextra -Wundef -Wcast-align -Wchar-subscripts -Wnon-virtual-dtor -Wunused-local-typedefs -Wpointer-arith -Wwrite-strings -Wformat-security -Wlogical-op -Wdouble-promotion -Wno-psabi -Wno-variadic-macros -Wno-long-long -fno-check-new -fno-common -fstrict-aliasing -ansi -DCOMPILER_SUPPORT_FASTMATH -fopenmp    -rdynamic CMakeFiles/cmTC_51a7e.dir/src.cxx.o  -o cmTC_51a7e 
make[1]: Leaving directory '/home/uzu/drone-slam-octomap/Requirements/eigen_ws/eigen-3.3.7/build/CMakeFiles/CMakeTmp'

Source file was:
int main() { return 0; }
