Performing C++ SOURCE FILE Test COMPILER_SUPPORT_Wshorten64to32 failed with the following output:
Change Dir: /home/uzu/eigen_ws/eigen-3.3.7/build/CMakeFiles/CMakeTmp

Run Build Command:"/usr/bin/make" "cmTC_90037/fast"
/usr/bin/make -f CMakeFiles/cmTC_90037.dir/build.make CMakeFiles/cmTC_90037.dir/build
make[1]: Entering directory '/home/uzu/eigen_ws/eigen-3.3.7/build/CMakeFiles/CMakeTmp'
Building CXX object CMakeFiles/cmTC_90037.dir/src.cxx.o
/usr/bin/c++    -std=c++03 -pedantic -Wall -Wextra -Wundef -Wcast-align -Wchar-subscripts -Wnon-virtual-dtor -Wunused-local-typedefs -Wpointer-arith -Wwrite-strings -Wformat-security -DCOMPILER_SUPPORT_Wshorten64to32 -Werror   -Wshorten-64-to-32 -o CMakeFiles/cmTC_90037.dir/src.cxx.o -c /home/uzu/eigen_ws/eigen-3.3.7/build/CMakeFiles/CMakeTmp/src.cxx
c++: error: unrecognized command line option '-Wshorten-64-to-32'
CMakeFiles/cmTC_90037.dir/build.make:65: recipe for target 'CMakeFiles/cmTC_90037.dir/src.cxx.o' failed
make[1]: *** [CMakeFiles/cmTC_90037.dir/src.cxx.o] Error 1
make[1]: Leaving directory '/home/uzu/eigen_ws/eigen-3.3.7/build/CMakeFiles/CMakeTmp'
Makefile:126: recipe for target 'cmTC_90037/fast' failed
make: *** [cmTC_90037/fast] Error 2

Source file was:
int main() { return 0; }
Performing C++ SOURCE FILE Test COMPILER_SUPPORT_Wenumconversion failed with the following output:
Change Dir: /home/uzu/eigen_ws/eigen-3.3.7/build/CMakeFiles/CMakeTmp

Run Build Command:"/usr/bin/make" "cmTC_55e0f/fast"
/usr/bin/make -f CMakeFiles/cmTC_55e0f.dir/build.make CMakeFiles/cmTC_55e0f.dir/build
make[1]: Entering directory '/home/uzu/eigen_ws/eigen-3.3.7/build/CMakeFiles/CMakeTmp'
Building CXX object CMakeFiles/cmTC_55e0f.dir/src.cxx.o
/usr/bin/c++    -std=c++03 -pedantic -Wall -Wextra -Wundef -Wcast-align -Wchar-subscripts -Wnon-virtual-dtor -Wunused-local-typedefs -Wpointer-arith -Wwrite-strings -Wformat-security -Wlogical-op -DCOMPILER_SUPPORT_Wenumconversion -Werror   -Wenum-conversion -o CMakeFiles/cmTC_55e0f.dir/src.cxx.o -c /home/uzu/eigen_ws/eigen-3.3.7/build/CMakeFiles/CMakeTmp/src.cxx
c++: error: unrecognized command line option '-Wenum-conversion'; did you mean '-Wno-conversion'?
CMakeFiles/cmTC_55e0f.dir/build.make:65: recipe for target 'CMakeFiles/cmTC_55e0f.dir/src.cxx.o' failed
make[1]: *** [CMakeFiles/cmTC_55e0f.dir/src.cxx.o] Error 1
make[1]: Leaving directory '/home/uzu/eigen_ws/eigen-3.3.7/build/CMakeFiles/CMakeTmp'
Makefile:126: recipe for target 'cmTC_55e0f/fast' failed
make: *** [cmTC_55e0f/fast] Error 2

Source file was:
int main() { return 0; }
Performing C++ SOURCE FILE Test COMPILER_SUPPORT_Wcpp11extensions failed with the following output:
Change Dir: /home/uzu/eigen_ws/eigen-3.3.7/build/CMakeFiles/CMakeTmp

Run Build Command:"/usr/bin/make" "cmTC_1ec43/fast"
/usr/bin/make -f CMakeFiles/cmTC_1ec43.dir/build.make CMakeFiles/cmTC_1ec43.dir/build
make[1]: Entering directory '/home/uzu/eigen_ws/eigen-3.3.7/build/CMakeFiles/CMakeTmp'
Building CXX object CMakeFiles/cmTC_1ec43.dir/src.cxx.o
/usr/bin/c++    -std=c++03 -pedantic -Wall -Wextra -Wundef -Wcast-align -Wchar-subscripts -Wnon-virtual-dtor -Wunused-local-typedefs -Wpointer-arith -Wwrite-strings -Wformat-security -Wlogical-op -DCOMPILER_SUPPORT_Wcpp11extensions -Werror   -Wc++11-extensions -o CMakeFiles/cmTC_1ec43.dir/src.cxx.o -c /home/uzu/eigen_ws/eigen-3.3.7/build/CMakeFiles/CMakeTmp/src.cxx
c++: error: unrecognized command line option '-Wc++11-extensions'; did you mean '-fms-extensions'?
CMakeFiles/cmTC_1ec43.dir/build.make:65: recipe for target 'CMakeFiles/cmTC_1ec43.dir/src.cxx.o' failed
make[1]: *** [CMakeFiles/cmTC_1ec43.dir/src.cxx.o] Error 1
make[1]: Leaving directory '/home/uzu/eigen_ws/eigen-3.3.7/build/CMakeFiles/CMakeTmp'
Makefile:126: recipe for target 'cmTC_1ec43/fast' failed
make: *** [cmTC_1ec43/fast] Error 2

Source file was:
int main() { return 0; }
Performing C++ SOURCE FILE Test COMPILER_SUPPORT_wd981 failed with the following output:
Change Dir: /home/uzu/eigen_ws/eigen-3.3.7/build/CMakeFiles/CMakeTmp

Run Build Command:"/usr/bin/make" "cmTC_5e060/fast"
/usr/bin/make -f CMakeFiles/cmTC_5e060.dir/build.make CMakeFiles/cmTC_5e060.dir/build
make[1]: Entering directory '/home/uzu/eigen_ws/eigen-3.3.7/build/CMakeFiles/CMakeTmp'
Building CXX object CMakeFiles/cmTC_5e060.dir/src.cxx.o
/usr/bin/c++    -std=c++03 -pedantic -Wall -Wextra -Wundef -Wcast-align -Wchar-subscripts -Wnon-virtual-dtor -Wunused-local-typedefs -Wpointer-arith -Wwrite-strings -Wformat-security -Wlogical-op -Wdouble-promotion -Wno-psabi -Wno-variadic-macros -Wno-long-long -fno-check-new -fno-common -fstrict-aliasing -DCOMPILER_SUPPORT_wd981 -Werror   -wd981 -o CMakeFiles/cmTC_5e060.dir/src.cxx.o -c /home/uzu/eigen_ws/eigen-3.3.7/build/CMakeFiles/CMakeTmp/src.cxx
c++: error: unrecognized command line option '-wd981'
CMakeFiles/cmTC_5e060.dir/build.make:65: recipe for target 'CMakeFiles/cmTC_5e060.dir/src.cxx.o' failed
make[1]: *** [CMakeFiles/cmTC_5e060.dir/src.cxx.o] Error 1
make[1]: Leaving directory '/home/uzu/eigen_ws/eigen-3.3.7/build/CMakeFiles/CMakeTmp'
Makefile:126: recipe for target 'cmTC_5e060/fast' failed
make: *** [cmTC_5e060/fast] Error 2

Source file was:
int main() { return 0; }
Performing C++ SOURCE FILE Test COMPILER_SUPPORT_wd2304 failed with the following output:
Change Dir: /home/uzu/eigen_ws/eigen-3.3.7/build/CMakeFiles/CMakeTmp

Run Build Command:"/usr/bin/make" "cmTC_8504b/fast"
/usr/bin/make -f CMakeFiles/cmTC_8504b.dir/build.make CMakeFiles/cmTC_8504b.dir/build
make[1]: Entering directory '/home/uzu/eigen_ws/eigen-3.3.7/build/CMakeFiles/CMakeTmp'
Building CXX object CMakeFiles/cmTC_8504b.dir/src.cxx.o
/usr/bin/c++    -std=c++03 -pedantic -Wall -Wextra -Wundef -Wcast-align -Wchar-subscripts -Wnon-virtual-dtor -Wunused-local-typedefs -Wpointer-arith -Wwrite-strings -Wformat-security -Wlogical-op -Wdouble-promotion -Wno-psabi -Wno-variadic-macros -Wno-long-long -fno-check-new -fno-common -fstrict-aliasing -DCOMPILER_SUPPORT_wd2304 -Werror   -wd2304 -o CMakeFiles/cmTC_8504b.dir/src.cxx.o -c /home/uzu/eigen_ws/eigen-3.3.7/build/CMakeFiles/CMakeTmp/src.cxx
c++: error: unrecognized command line option '-wd2304'
CMakeFiles/cmTC_8504b.dir/build.make:65: recipe for target 'CMakeFiles/cmTC_8504b.dir/src.cxx.o' failed
make[1]: *** [CMakeFiles/cmTC_8504b.dir/src.cxx.o] Error 1
make[1]: Leaving directory '/home/uzu/eigen_ws/eigen-3.3.7/build/CMakeFiles/CMakeTmp'
Makefile:126: recipe for target 'cmTC_8504b/fast' failed
make: *** [cmTC_8504b/fast] Error 2

Source file was:
int main() { return 0; }
Performing C++ SOURCE FILE Test COMPILER_SUPPORT_STRICTANSI failed with the following output:
Change Dir: /home/uzu/eigen_ws/eigen-3.3.7/build/CMakeFiles/CMakeTmp

Run Build Command:"/usr/bin/make" "cmTC_5e23d/fast"
/usr/bin/make -f CMakeFiles/cmTC_5e23d.dir/build.make CMakeFiles/cmTC_5e23d.dir/build
make[1]: Entering directory '/home/uzu/eigen_ws/eigen-3.3.7/build/CMakeFiles/CMakeTmp'
Building CXX object CMakeFiles/cmTC_5e23d.dir/src.cxx.o
/usr/bin/c++    -std=c++03 -pedantic -Wall -Wextra -Wundef -Wcast-align -Wchar-subscripts -Wnon-virtual-dtor -Wunused-local-typedefs -Wpointer-arith -Wwrite-strings -Wformat-security -Wlogical-op -Wdouble-promotion -Wno-psabi -Wno-variadic-macros -Wno-long-long -fno-check-new -fno-common -fstrict-aliasing -DCOMPILER_SUPPORT_STRICTANSI -Werror   -strict-ansi -o CMakeFiles/cmTC_5e23d.dir/src.cxx.o -c /home/uzu/eigen_ws/eigen-3.3.7/build/CMakeFiles/CMakeTmp/src.cxx
c++: error: unrecognized command line option '-strict-ansi'; did you mean '-fstrict-enums'?
CMakeFiles/cmTC_5e23d.dir/build.make:65: recipe for target 'CMakeFiles/cmTC_5e23d.dir/src.cxx.o' failed
make[1]: *** [CMakeFiles/cmTC_5e23d.dir/src.cxx.o] Error 1
make[1]: Leaving directory '/home/uzu/eigen_ws/eigen-3.3.7/build/CMakeFiles/CMakeTmp'
Makefile:126: recipe for target 'cmTC_5e23d/fast' failed
make: *** [cmTC_5e23d/fast] Error 2

Source file was:
int main() { return 0; }
Performing C++ SOURCE FILE Test COMPILER_SUPPORT_Qunusedarguments failed with the following output:
Change Dir: /home/uzu/eigen_ws/eigen-3.3.7/build/CMakeFiles/CMakeTmp

Run Build Command:"/usr/bin/make" "cmTC_6ecdf/fast"
/usr/bin/make -f CMakeFiles/cmTC_6ecdf.dir/build.make CMakeFiles/cmTC_6ecdf.dir/build
make[1]: Entering directory '/home/uzu/eigen_ws/eigen-3.3.7/build/CMakeFiles/CMakeTmp'
Building CXX object CMakeFiles/cmTC_6ecdf.dir/src.cxx.o
/usr/bin/c++    -std=c++03 -pedantic -Wall -Wextra -Wundef -Wcast-align -Wchar-subscripts -Wnon-virtual-dtor -Wunused-local-typedefs -Wpointer-arith -Wwrite-strings -Wformat-security -Wlogical-op -Wdouble-promotion -Wno-psabi -Wno-variadic-macros -Wno-long-long -fno-check-new -fno-common -fstrict-aliasing -DCOMPILER_SUPPORT_Qunusedarguments -Werror   -Qunused-arguments -o CMakeFiles/cmTC_6ecdf.dir/src.cxx.o -c /home/uzu/eigen_ws/eigen-3.3.7/build/CMakeFiles/CMakeTmp/src.cxx
c++: error: unrecognized command line option '-Qunused-arguments'; did you mean '-Wunused-parameter'?
CMakeFiles/cmTC_6ecdf.dir/build.make:65: recipe for target 'CMakeFiles/cmTC_6ecdf.dir/src.cxx.o' failed
make[1]: *** [CMakeFiles/cmTC_6ecdf.dir/src.cxx.o] Error 1
make[1]: Leaving directory '/home/uzu/eigen_ws/eigen-3.3.7/build/CMakeFiles/CMakeTmp'
Makefile:126: recipe for target 'cmTC_6ecdf/fast' failed
make: *** [cmTC_6ecdf/fast] Error 2

Source file was:
int main() { return 0; }
Determining if the pthread_create exist failed with the following output:
Change Dir: /home/uzu/eigen_ws/eigen-3.3.7/build/CMakeFiles/CMakeTmp

Run Build Command:"/usr/bin/make" "cmTC_d5b1c/fast"
/usr/bin/make -f CMakeFiles/cmTC_d5b1c.dir/build.make CMakeFiles/cmTC_d5b1c.dir/build
make[1]: ディレクトリ '/home/uzu/eigen_ws/eigen-3.3.7/build/CMakeFiles/CMakeTmp' に入ります
Building C object CMakeFiles/cmTC_d5b1c.dir/CheckSymbolExists.c.o
/usr/bin/cc    -o CMakeFiles/cmTC_d5b1c.dir/CheckSymbolExists.c.o   -c /home/uzu/eigen_ws/eigen-3.3.7/build/CMakeFiles/CMakeTmp/CheckSymbolExists.c
Linking C executable cmTC_d5b1c
/usr/bin/cmake -E cmake_link_script CMakeFiles/cmTC_d5b1c.dir/link.txt --verbose=1
/usr/bin/cc      -rdynamic CMakeFiles/cmTC_d5b1c.dir/CheckSymbolExists.c.o  -o cmTC_d5b1c 
CMakeFiles/cmTC_d5b1c.dir/CheckSymbolExists.c.o: 関数 `main' 内:
CheckSymbolExists.c:(.text+0x1b): `pthread_create' に対する定義されていない参照です
collect2: error: ld returned 1 exit status
CMakeFiles/cmTC_d5b1c.dir/build.make:97: recipe for target 'cmTC_d5b1c' failed
make[1]: *** [cmTC_d5b1c] Error 1
make[1]: ディレクトリ '/home/uzu/eigen_ws/eigen-3.3.7/build/CMakeFiles/CMakeTmp' から出ます
Makefile:126: recipe for target 'cmTC_d5b1c/fast' failed
make: *** [cmTC_d5b1c/fast] Error 2

File /home/uzu/eigen_ws/eigen-3.3.7/build/CMakeFiles/CMakeTmp/CheckSymbolExists.c:
/* */
#include <pthread.h>

int main(int argc, char** argv)
{
  (void)argv;
#ifndef pthread_create
  return ((int*)(&pthread_create))[argc];
#else
  (void)argc;
  return 0;
#endif
}

Determining if the function pthread_create exists in the pthreads failed with the following output:
Change Dir: /home/uzu/eigen_ws/eigen-3.3.7/build/CMakeFiles/CMakeTmp

Run Build Command:"/usr/bin/make" "cmTC_f22ae/fast"
/usr/bin/make -f CMakeFiles/cmTC_f22ae.dir/build.make CMakeFiles/cmTC_f22ae.dir/build
make[1]: ディレクトリ '/home/uzu/eigen_ws/eigen-3.3.7/build/CMakeFiles/CMakeTmp' に入ります
Building C object CMakeFiles/cmTC_f22ae.dir/CheckFunctionExists.c.o
/usr/bin/cc   -DCHECK_FUNCTION_EXISTS=pthread_create   -o CMakeFiles/cmTC_f22ae.dir/CheckFunctionExists.c.o   -c /usr/share/cmake-3.10/Modules/CheckFunctionExists.c
Linking C executable cmTC_f22ae
/usr/bin/cmake -E cmake_link_script CMakeFiles/cmTC_f22ae.dir/link.txt --verbose=1
/usr/bin/cc  -DCHECK_FUNCTION_EXISTS=pthread_create    -rdynamic CMakeFiles/cmTC_f22ae.dir/CheckFunctionExists.c.o  -o cmTC_f22ae -lpthreads 
/usr/bin/ld: -lpthreads が見つかりません
collect2: error: ld returned 1 exit status
CMakeFiles/cmTC_f22ae.dir/build.make:97: recipe for target 'cmTC_f22ae' failed
make[1]: *** [cmTC_f22ae] Error 1
make[1]: ディレクトリ '/home/uzu/eigen_ws/eigen-3.3.7/build/CMakeFiles/CMakeTmp' から出ます
Makefile:126: recipe for target 'cmTC_f22ae/fast' failed
make: *** [cmTC_f22ae/fast] Error 2


