Determining if the pthread_create exist failed with the following output:
Change Dir: /home/uzu/drone-slam-octomap/octomap_catkin_ws/build/catkin_tools_prebuild/CMakeFiles/CMakeTmp

Run Build Command:"/usr/bin/make" "cmTC_0b645/fast"
/usr/bin/make -f CMakeFiles/cmTC_0b645.dir/build.make CMakeFiles/cmTC_0b645.dir/build
make[1]: ディレクトリ '/home/uzu/drone-slam-octomap/octomap_catkin_ws/build/catkin_tools_prebuild/CMakeFiles/CMakeTmp' に入ります
Building C object CMakeFiles/cmTC_0b645.dir/CheckSymbolExists.c.o
/usr/bin/cc    -o CMakeFiles/cmTC_0b645.dir/CheckSymbolExists.c.o   -c /home/uzu/drone-slam-octomap/octomap_catkin_ws/build/catkin_tools_prebuild/CMakeFiles/CMakeTmp/CheckSymbolExists.c
Linking C executable cmTC_0b645
/usr/bin/cmake -E cmake_link_script CMakeFiles/cmTC_0b645.dir/link.txt --verbose=1
/usr/bin/cc      -rdynamic CMakeFiles/cmTC_0b645.dir/CheckSymbolExists.c.o  -o cmTC_0b645 
CMakeFiles/cmTC_0b645.dir/CheckSymbolExists.c.o: 関数 `main' 内:
CheckSymbolExists.c:(.text+0x1b): `pthread_create' に対する定義されていない参照です
collect2: error: ld returned 1 exit status
CMakeFiles/cmTC_0b645.dir/build.make:97: recipe for target 'cmTC_0b645' failed
make[1]: *** [cmTC_0b645] Error 1
make[1]: ディレクトリ '/home/uzu/drone-slam-octomap/octomap_catkin_ws/build/catkin_tools_prebuild/CMakeFiles/CMakeTmp' から出ます
Makefile:126: recipe for target 'cmTC_0b645/fast' failed
make: *** [cmTC_0b645/fast] Error 2

File /home/uzu/drone-slam-octomap/octomap_catkin_ws/build/catkin_tools_prebuild/CMakeFiles/CMakeTmp/CheckSymbolExists.c:
/* */
#include <pthread.h>

int main(int argc, char** argv)
{
  (void)argv;
#ifndef pthread_create
  return ((int*)(&pthread_create))[argc];
#else
  (void)argc;
  return 0;
#endif
}

Determining if the function pthread_create exists in the pthreads failed with the following output:
Change Dir: /home/uzu/drone-slam-octomap/octomap_catkin_ws/build/catkin_tools_prebuild/CMakeFiles/CMakeTmp

Run Build Command:"/usr/bin/make" "cmTC_0d375/fast"
/usr/bin/make -f CMakeFiles/cmTC_0d375.dir/build.make CMakeFiles/cmTC_0d375.dir/build
make[1]: ディレクトリ '/home/uzu/drone-slam-octomap/octomap_catkin_ws/build/catkin_tools_prebuild/CMakeFiles/CMakeTmp' に入ります
Building C object CMakeFiles/cmTC_0d375.dir/CheckFunctionExists.c.o
/usr/bin/cc   -DCHECK_FUNCTION_EXISTS=pthread_create   -o CMakeFiles/cmTC_0d375.dir/CheckFunctionExists.c.o   -c /usr/share/cmake-3.10/Modules/CheckFunctionExists.c
Linking C executable cmTC_0d375
/usr/bin/cmake -E cmake_link_script CMakeFiles/cmTC_0d375.dir/link.txt --verbose=1
/usr/bin/cc  -DCHECK_FUNCTION_EXISTS=pthread_create    -rdynamic CMakeFiles/cmTC_0d375.dir/CheckFunctionExists.c.o  -o cmTC_0d375 -lpthreads 
/usr/bin/ld: -lpthreads が見つかりません
collect2: error: ld returned 1 exit status
CMakeFiles/cmTC_0d375.dir/build.make:97: recipe for target 'cmTC_0d375' failed
make[1]: *** [cmTC_0d375] Error 1
make[1]: ディレクトリ '/home/uzu/drone-slam-octomap/octomap_catkin_ws/build/catkin_tools_prebuild/CMakeFiles/CMakeTmp' から出ます
Makefile:126: recipe for target 'cmTC_0d375/fast' failed
make: *** [cmTC_0d375/fast] Error 2


