Determining if the pthread_create exist failed with the following output:
Change Dir: /home/uzu/Training/catkin_ws/build/octomap_server/CMakeFiles/CMakeTmp

Run Build Command:"/usr/bin/make" "cmTC_adbed/fast"
/usr/bin/make -f CMakeFiles/cmTC_adbed.dir/build.make CMakeFiles/cmTC_adbed.dir/build
make[1]: ディレクトリ '/home/uzu/Training/catkin_ws/build/octomap_server/CMakeFiles/CMakeTmp' に入ります
Building C object CMakeFiles/cmTC_adbed.dir/CheckSymbolExists.c.o
/usr/bin/cc    -o CMakeFiles/cmTC_adbed.dir/CheckSymbolExists.c.o   -c /home/uzu/Training/catkin_ws/build/octomap_server/CMakeFiles/CMakeTmp/CheckSymbolExists.c
Linking C executable cmTC_adbed
/usr/bin/cmake -E cmake_link_script CMakeFiles/cmTC_adbed.dir/link.txt --verbose=1
/usr/bin/cc      -rdynamic CMakeFiles/cmTC_adbed.dir/CheckSymbolExists.c.o  -o cmTC_adbed 
CMakeFiles/cmTC_adbed.dir/CheckSymbolExists.c.o: 関数 `main' 内:
CheckSymbolExists.c:(.text+0x1b): `pthread_create' に対する定義されていない参照です
collect2: error: ld returned 1 exit status
CMakeFiles/cmTC_adbed.dir/build.make:97: recipe for target 'cmTC_adbed' failed
make[1]: *** [cmTC_adbed] Error 1
make[1]: ディレクトリ '/home/uzu/Training/catkin_ws/build/octomap_server/CMakeFiles/CMakeTmp' から出ます
Makefile:126: recipe for target 'cmTC_adbed/fast' failed
make: *** [cmTC_adbed/fast] Error 2

File /home/uzu/Training/catkin_ws/build/octomap_server/CMakeFiles/CMakeTmp/CheckSymbolExists.c:
/* */
#include <pthread.h>

int main(int argc, char** argv)
{
  (void)argv;
#ifndef pthread_create
  return ((int*)(&pthread_create))[argc];
#else
  (void)argc;
  return 0;
#endif
}

Determining if the function pthread_create exists in the pthreads failed with the following output:
Change Dir: /home/uzu/Training/catkin_ws/build/octomap_server/CMakeFiles/CMakeTmp

Run Build Command:"/usr/bin/make" "cmTC_aa744/fast"
/usr/bin/make -f CMakeFiles/cmTC_aa744.dir/build.make CMakeFiles/cmTC_aa744.dir/build
make[1]: ディレクトリ '/home/uzu/Training/catkin_ws/build/octomap_server/CMakeFiles/CMakeTmp' に入ります
Building C object CMakeFiles/cmTC_aa744.dir/CheckFunctionExists.c.o
/usr/bin/cc   -DCHECK_FUNCTION_EXISTS=pthread_create   -o CMakeFiles/cmTC_aa744.dir/CheckFunctionExists.c.o   -c /usr/share/cmake-3.10/Modules/CheckFunctionExists.c
Linking C executable cmTC_aa744
/usr/bin/cmake -E cmake_link_script CMakeFiles/cmTC_aa744.dir/link.txt --verbose=1
/usr/bin/cc  -DCHECK_FUNCTION_EXISTS=pthread_create    -rdynamic CMakeFiles/cmTC_aa744.dir/CheckFunctionExists.c.o  -o cmTC_aa744 -lpthreads 
/usr/bin/ld: -lpthreads が見つかりません
collect2: error: ld returned 1 exit status
CMakeFiles/cmTC_aa744.dir/build.make:97: recipe for target 'cmTC_aa744' failed
make[1]: *** [cmTC_aa744] Error 1
make[1]: ディレクトリ '/home/uzu/Training/catkin_ws/build/octomap_server/CMakeFiles/CMakeTmp' から出ます
Makefile:126: recipe for target 'cmTC_aa744/fast' failed
make: *** [cmTC_aa744/fast] Error 2


