[35m[1mScanning dependencies of target octomap_server_gencfg[0m
[  4%] [34m[1mGenerating dynamic reconfigure files from cfg/OctomapServer.cfg: /home/uzu/drone-slam-octomap/octomap_catkin_ws/devel/.private/octomap_server/include/octomap_server/OctomapServerConfig.h /home/uzu/drone-slam-octomap/octomap_catkin_ws/devel/.private/octomap_server/lib/python2.7/dist-packages/octomap_server/cfg/OctomapServerConfig.py[0m
Generating reconfiguration files for OctomapServer in octomap_server
Wrote header file in /home/uzu/drone-slam-octomap/octomap_catkin_ws/devel/.private/octomap_server/include/octomap_server/OctomapServerConfig.h
[  4%] Built target octomap_server_gencfg
[35m[1mScanning dependencies of target octomap_server[0m
[35m[1mScanning dependencies of target octomap_server_color[0m
[  8%] [32mBuilding CXX object CMakeFiles/octomap_server_color.dir/src/OctomapServer.cpp.o[0m
[ 12%] [32mBuilding CXX object CMakeFiles/octomap_server.dir/src/OctomapServer.cpp.o[0m
[ 16%] [32mBuilding CXX object CMakeFiles/octomap_server_color.dir/src/OctomapServerMultilayer.cpp.o[0m
[ 20%] [32mBuilding CXX object CMakeFiles/octomap_server.dir/src/OctomapServerMultilayer.cpp.o[0m
[ 24%] [32mBuilding CXX object CMakeFiles/octomap_server_color.dir/src/TrackingOctomapServer.cpp.o[0m
[ 28%] [32mBuilding CXX object CMakeFiles/octomap_server.dir/src/TrackingOctomapServer.cpp.o[0m
[ 32%] [32m[1mLinking CXX shared library /home/uzu/drone-slam-octomap/octomap_catkin_ws/devel/.private/octomap_server/lib/liboctomap_server_color.so[0m
[ 36%] [32m[1mLinking CXX shared library /home/uzu/drone-slam-octomap/octomap_catkin_ws/devel/.private/octomap_server/lib/liboctomap_server.so[0m
[ 36%] Built target octomap_server_color
[35m[1mScanning dependencies of target octomap_color_server_nodelet[0m
[35m[1mScanning dependencies of target octomap_color_server_node[0m
[ 40%] [32mBuilding CXX object CMakeFiles/octomap_color_server_node.dir/src/octomap_server_node.cpp.o[0m
[ 44%] [32mBuilding CXX object CMakeFiles/octomap_color_server_nodelet.dir/src/octomap_server_nodelet.cpp.o[0m
[ 44%] Built target octomap_server
[35m[1mScanning dependencies of target octomap_server_multilayer[0m
[35m[1mScanning dependencies of target octomap_saver[0m
[35m[1mScanning dependencies of target octomap_tracking_server_node[0m
[35m[1mScanning dependencies of target octomap_server_static[0m
[35m[1mScanning dependencies of target octomap_server_node[0m
[35m[1mScanning dependencies of target octomap_server_nodelet[0m
[ 48%] [32mBuilding CXX object CMakeFiles/octomap_saver.dir/src/octomap_saver.cpp.o[0m
[ 52%] [32mBuilding CXX object CMakeFiles/octomap_server_static.dir/src/octomap_server_static.cpp.o[0m
[ 56%] [32mBuilding CXX object CMakeFiles/octomap_tracking_server_node.dir/src/octomap_tracking_server_node.cpp.o[0m
[ 60%] [32mBuilding CXX object CMakeFiles/octomap_server_multilayer.dir/src/octomap_server_multilayer.cpp.o[0m
[ 64%] [32mBuilding CXX object CMakeFiles/octomap_server_nodelet.dir/src/octomap_server_nodelet.cpp.o[0m
[ 68%] [32mBuilding CXX object CMakeFiles/octomap_server_node.dir/src/octomap_server_node.cpp.o[0m
[ 72%] [32m[1mLinking CXX executable /home/uzu/drone-slam-octomap/octomap_catkin_ws/devel/.private/octomap_server/lib/octomap_server/octomap_server_static[0m
[ 76%] [32m[1mLinking CXX executable /home/uzu/drone-slam-octomap/octomap_catkin_ws/devel/.private/octomap_server/lib/octomap_server/octomap_saver[0m
[ 76%] Built target octomap_server_static
[ 76%] Built target octomap_saver
[ 80%] [32m[1mLinking CXX executable /home/uzu/drone-slam-octomap/octomap_catkin_ws/devel/.private/octomap_server/lib/octomap_server/octomap_tracking_server_node[0m
[ 84%] [32m[1mLinking CXX executable /home/uzu/drone-slam-octomap/octomap_catkin_ws/devel/.private/octomap_server/lib/octomap_server/octomap_server_node[0m
[ 88%] [32m[1mLinking CXX shared library /home/uzu/drone-slam-octomap/octomap_catkin_ws/devel/.private/octomap_server/lib/liboctomap_color_server_nodelet.so[0m
[ 92%] [32m[1mLinking CXX executable /home/uzu/drone-slam-octomap/octomap_catkin_ws/devel/.private/octomap_server/lib/octomap_server/octomap_color_server_node[0m
[ 92%] Built target octomap_tracking_server_node
[ 92%] Built target octomap_server_node
[ 96%] [32m[1mLinking CXX executable /home/uzu/drone-slam-octomap/octomap_catkin_ws/devel/.private/octomap_server/lib/octomap_server/octomap_server_multilayer[0m
[ 96%] Built target octomap_color_server_nodelet
[100%] [32m[1mLinking CXX shared library /home/uzu/drone-slam-octomap/octomap_catkin_ws/devel/.private/octomap_server/lib/liboctomap_server_nodelet.so[0m
[100%] Built target octomap_color_server_node
[100%] Built target octomap_server_nodelet
[100%] Built target octomap_server_multilayer
